2025-08-31T16:36:02.016+05:30  INFO 36184 --- [back_end] [main] edu.vidura.akapilot.BackEndApplication   : Starting BackEndApplication using Java 21.0.5 with PID 36184 (D:\IJSE\SECOND SEM\AAD\AKAPilot\back_end\target\classes started by Vidura in D:\IJSE\SECOND SEM\AAD\AKAPilot\back_end)
2025-08-31T16:36:02.035+05:30 DEBUG 36184 --- [back_end] [main] edu.vidura.akapilot.BackEndApplication   : Running with Spring Boot v3.5.4, Spring v6.2.9
2025-08-31T16:36:02.038+05:30  INFO 36184 --- [back_end] [main] edu.vidura.akapilot.BackEndApplication   : No active profile set, falling back to 1 default profile: "default"
2025-08-31T16:36:03.908+05:30  INFO 36184 --- [back_end] [main] .s.d.r.c.RepositoryConfigurationDelegate : Bootstrapping Spring Data JPA repositories in DEFAULT mode.
2025-08-31T16:36:04.041+05:30  INFO 36184 --- [back_end] [main] .s.d.r.c.RepositoryConfigurationDelegate : Finished Spring Data repository scanning in 118 ms. Found 5 JPA repository interfaces.
2025-08-31T16:36:05.256+05:30  INFO 36184 --- [back_end] [main] o.s.b.w.embedded.tomcat.TomcatWebServer  : Tomcat initialized with port 8080 (http)
2025-08-31T16:36:05.275+05:30  INFO 36184 --- [back_end] [main] o.apache.catalina.core.StandardService   : Starting service [Tomcat]
2025-08-31T16:36:05.276+05:30  INFO 36184 --- [back_end] [main] o.apache.catalina.core.StandardEngine    : Starting Servlet engine: [Apache Tomcat/10.1.43]
2025-08-31T16:36:05.373+05:30  INFO 36184 --- [back_end] [main] o.a.c.c.C.[Tomcat].[localhost].[/]       : Initializing Spring embedded WebApplicationContext
2025-08-31T16:36:05.374+05:30  INFO 36184 --- [back_end] [main] w.s.c.ServletWebServerApplicationContext : Root WebApplicationContext: initialization completed in 3146 ms
2025-08-31T16:36:05.690+05:30  INFO 36184 --- [back_end] [main] o.hibernate.jpa.internal.util.LogHelper  : HHH000204: Processing PersistenceUnitInfo [name: default]
2025-08-31T16:36:05.799+05:30  INFO 36184 --- [back_end] [main] org.hibernate.Version                    : HHH000412: Hibernate ORM core version 6.6.22.Final
2025-08-31T16:36:05.854+05:30  INFO 36184 --- [back_end] [main] o.h.c.internal.RegionFactoryInitiator    : HHH000026: Second-level cache disabled
2025-08-31T16:36:06.267+05:30  INFO 36184 --- [back_end] [main] o.s.o.j.p.SpringPersistenceUnitInfo      : No LoadTimeWeaver setup: ignoring JPA class transformer
2025-08-31T16:36:06.304+05:30  INFO 36184 --- [back_end] [main] com.zaxxer.hikari.HikariDataSource       : HikariPool-1 - Starting...
2025-08-31T16:36:06.797+05:30  INFO 36184 --- [back_end] [main] com.zaxxer.hikari.pool.HikariPool        : HikariPool-1 - Added connection com.mysql.cj.jdbc.ConnectionImpl@1f6c4ae
2025-08-31T16:36:06.799+05:30  INFO 36184 --- [back_end] [main] com.zaxxer.hikari.HikariDataSource       : HikariPool-1 - Start completed.
2025-08-31T16:36:06.865+05:30  WARN 36184 --- [back_end] [main] org.hibernate.orm.deprecation            : HHH90000025: MySQLDialect does not need to be specified explicitly using 'hibernate.dialect' (remove the property setting and it will be selected by default)
2025-08-31T16:36:06.891+05:30  INFO 36184 --- [back_end] [main] org.hibernate.orm.connections.pooling    : HHH10001005: Database info:
	Database JDBC URL [Connecting through datasource 'HikariDataSource (HikariPool-1)']
	Database driver: undefined/unknown
	Database version: 8.0.36
	Autocommit mode: undefined/unknown
	Isolation level: undefined/unknown
	Minimum pool size: undefined/unknown
	Maximum pool size: undefined/unknown
2025-08-31T16:36:08.510+05:30  INFO 36184 --- [back_end] [main] o.h.e.t.j.p.i.JtaPlatformInitiator       : HHH000489: No JTA platform available (set 'hibernate.transaction.jta.platform' to enable JTA platform integration)
2025-08-31T16:36:08.668+05:30  INFO 36184 --- [back_end] [main] j.LocalContainerEntityManagerFactoryBean : Initialized JPA EntityManagerFactory for persistence unit 'default'
2025-08-31T16:36:09.345+05:30 DEBUG 36184 --- [back_end] [main] edu.vidura.akapilot.util.JwtAuthFilter   : Filter 'jwtAuthFilter' configured for use
2025-08-31T16:36:09.822+05:30  WARN 36184 --- [back_end] [main] JpaBaseConfiguration$JpaWebConfiguration : spring.jpa.open-in-view is enabled by default. Therefore, database queries may be performed during view rendering. Explicitly configure spring.jpa.open-in-view to disable this warning
2025-08-31T16:36:09.903+05:30  INFO 36184 --- [back_end] [main] r$InitializeUserDetailsManagerConfigurer : Global AuthenticationManager configured with UserDetailsService bean with name userDetailsService
2025-08-31T16:36:10.960+05:30  INFO 36184 --- [back_end] [main] o.s.b.w.embedded.tomcat.TomcatWebServer  : Tomcat started on port 8080 (http) with context path '/'
2025-08-31T16:36:10.968+05:30  INFO 36184 --- [back_end] [main] edu.vidura.akapilot.BackEndApplication   : Started BackEndApplication in 10.486 seconds (process running for 12.237)
2025-08-31T16:36:11.296+05:30  INFO 36184 --- [back_end] [SpringApplicationShutdownHook] o.s.b.w.e.tomcat.GracefulShutdown        : Commencing graceful shutdown. Waiting for active requests to complete
2025-08-31T16:36:11.309+05:30  INFO 36184 --- [back_end] [tomcat-shutdown] o.s.b.w.e.tomcat.GracefulShutdown        : Graceful shutdown complete
2025-08-31T16:36:11.320+05:30  INFO 36184 --- [back_end] [SpringApplicationShutdownHook] j.LocalContainerEntityManagerFactoryBean : Closing JPA EntityManagerFactory for persistence unit 'default'
2025-08-31T16:36:11.324+05:30  INFO 36184 --- [back_end] [SpringApplicationShutdownHook] com.zaxxer.hikari.HikariDataSource       : HikariPool-1 - Shutdown initiated...
2025-08-31T16:36:11.342+05:30  INFO 36184 --- [back_end] [SpringApplicationShutdownHook] com.zaxxer.hikari.HikariDataSource       : HikariPool-1 - Shutdown completed.
