2025-08-28T16:34:38.157+05:30  INFO 35784 --- [back_end] [main] edu.vidura.akapilot.BackEndApplication   : Starting BackEndApplication using Java 21.0.5 with PID 35784 (D:\IJSE\SECOND SEM\AAD\AKAPilot\back_end\target\classes started by Vidura in D:\IJSE\SECOND SEM\AAD\AKAPilot\back_end)
2025-08-28T16:34:38.162+05:30 DEBUG 35784 --- [back_end] [main] edu.vidura.akapilot.BackEndApplication   : Running with Spring Boot v3.5.4, Spring v6.2.9
2025-08-28T16:34:38.164+05:30  INFO 35784 --- [back_end] [main] edu.vidura.akapilot.BackEndApplication   : No active profile set, falling back to 1 default profile: "default"
2025-08-28T16:34:39.472+05:30  INFO 35784 --- [back_end] [main] .s.d.r.c.RepositoryConfigurationDelegate : Bootstrapping Spring Data JPA repositories in DEFAULT mode.
2025-08-28T16:34:39.808+05:30  INFO 35784 --- [back_end] [main] .s.d.r.c.RepositoryConfigurationDelegate : Finished Spring Data repository scanning in 303 ms. Found 3 JPA repository interfaces.
2025-08-28T16:34:41.851+05:30  INFO 35784 --- [back_end] [main] o.s.b.w.embedded.tomcat.TomcatWebServer  : Tomcat initialized with port 8080 (http)
2025-08-28T16:34:41.869+05:30  INFO 35784 --- [back_end] [main] o.apache.catalina.core.StandardService   : Starting service [Tomcat]
2025-08-28T16:34:41.869+05:30  INFO 35784 --- [back_end] [main] o.apache.catalina.core.StandardEngine    : Starting Servlet engine: [Apache Tomcat/10.1.43]
2025-08-28T16:34:41.936+05:30  INFO 35784 --- [back_end] [main] o.a.c.c.C.[Tomcat].[localhost].[/]       : Initializing Spring embedded WebApplicationContext
2025-08-28T16:34:41.936+05:30  INFO 35784 --- [back_end] [main] w.s.c.ServletWebServerApplicationContext : Root WebApplicationContext: initialization completed in 3706 ms
2025-08-28T16:34:42.200+05:30  INFO 35784 --- [back_end] [main] o.hibernate.jpa.internal.util.LogHelper  : HHH000204: Processing PersistenceUnitInfo [name: default]
2025-08-28T16:34:42.296+05:30  INFO 35784 --- [back_end] [main] org.hibernate.Version                    : HHH000412: Hibernate ORM core version 6.6.22.Final
2025-08-28T16:34:42.350+05:30  INFO 35784 --- [back_end] [main] o.h.c.internal.RegionFactoryInitiator    : HHH000026: Second-level cache disabled
2025-08-28T16:34:42.861+05:30  INFO 35784 --- [back_end] [main] o.s.o.j.p.SpringPersistenceUnitInfo      : No LoadTimeWeaver setup: ignoring JPA class transformer
2025-08-28T16:34:42.908+05:30  INFO 35784 --- [back_end] [main] com.zaxxer.hikari.HikariDataSource       : HikariPool-1 - Starting...
2025-08-28T16:34:43.560+05:30  INFO 35784 --- [back_end] [main] com.zaxxer.hikari.pool.HikariPool        : HikariPool-1 - Added connection com.mysql.cj.jdbc.ConnectionImpl@395eb363
2025-08-28T16:34:43.562+05:30  INFO 35784 --- [back_end] [main] com.zaxxer.hikari.HikariDataSource       : HikariPool-1 - Start completed.
2025-08-28T16:34:43.656+05:30  WARN 35784 --- [back_end] [main] org.hibernate.orm.deprecation            : HHH90000025: MySQLDialect does not need to be specified explicitly using 'hibernate.dialect' (remove the property setting and it will be selected by default)
2025-08-28T16:34:43.681+05:30  INFO 35784 --- [back_end] [main] org.hibernate.orm.connections.pooling    : HHH10001005: Database info:
	Database JDBC URL [Connecting through datasource 'HikariDataSource (HikariPool-1)']
	Database driver: undefined/unknown
	Database version: 8.0.36
	Autocommit mode: undefined/unknown
	Isolation level: undefined/unknown
	Minimum pool size: undefined/unknown
	Maximum pool size: undefined/unknown
2025-08-28T16:34:45.118+05:30  INFO 35784 --- [back_end] [main] o.h.e.t.j.p.i.JtaPlatformInitiator       : HHH000489: No JTA platform available (set 'hibernate.transaction.jta.platform' to enable JTA platform integration)
2025-08-28T16:34:45.306+05:30  INFO 35784 --- [back_end] [main] j.LocalContainerEntityManagerFactoryBean : Initialized JPA EntityManagerFactory for persistence unit 'default'
2025-08-28T16:34:45.851+05:30 DEBUG 35784 --- [back_end] [main] edu.vidura.akapilot.util.JwtAuthFilter   : Filter 'jwtAuthFilter' configured for use
2025-08-28T16:34:46.115+05:30  WARN 35784 --- [back_end] [main] JpaBaseConfiguration$JpaWebConfiguration : spring.jpa.open-in-view is enabled by default. Therefore, database queries may be performed during view rendering. Explicitly configure spring.jpa.open-in-view to disable this warning
2025-08-28T16:34:46.186+05:30  INFO 35784 --- [back_end] [main] r$InitializeUserDetailsManagerConfigurer : Global AuthenticationManager configured with UserDetailsService bean with name userDetailsService
2025-08-28T16:34:47.274+05:30  INFO 35784 --- [back_end] [main] o.s.b.w.embedded.tomcat.TomcatWebServer  : Tomcat started on port 8080 (http) with context path '/'
2025-08-28T16:34:47.282+05:30  INFO 35784 --- [back_end] [main] edu.vidura.akapilot.BackEndApplication   : Started BackEndApplication in 9.991 seconds (process running for 11.75)
2025-08-28T16:35:03.581+05:30  INFO 35784 --- [back_end] [http-nio-8080-exec-1] o.a.c.c.C.[Tomcat].[localhost].[/]       : Initializing Spring DispatcherServlet 'dispatcherServlet'
2025-08-28T16:35:03.581+05:30  INFO 35784 --- [back_end] [http-nio-8080-exec-1] o.s.web.servlet.DispatcherServlet        : Initializing Servlet 'dispatcherServlet'
2025-08-28T16:35:03.583+05:30  INFO 35784 --- [back_end] [http-nio-8080-exec-1] o.s.web.servlet.DispatcherServlet        : Completed initialization in 2 ms
2025-08-28T16:35:03.729+05:30  INFO 35784 --- [back_end] [http-nio-8080-exec-1] e.vidura.akapilot.aspect.LoggingAspect   : ➡ Entering controller: AuthController.login(..) with arguments: [AuthDTO(username=vidura, password=viduraaa)]
2025-08-28T16:35:03.730+05:30 DEBUG 35784 --- [back_end] [http-nio-8080-exec-1] e.vidura.akapilot.aspect.LoggingAspect   : ▶ Starting service: AuthServiceImpl.authenticate(..)
2025-08-28T16:35:08.837+05:30  INFO 35784 --- [back_end] [http-nio-8080-exec-3] e.vidura.akapilot.aspect.LoggingAspect   : ➡ Entering controller: AuthController.registerUser(..) with arguments: [RegisterDTO(username=vidura, password=viduraaa, email=vidura@gmai.com, role=USER)]
2025-08-28T16:35:08.837+05:30 DEBUG 35784 --- [back_end] [http-nio-8080-exec-3] e.vidura.akapilot.aspect.LoggingAspect   : ▶ Starting service: AuthServiceImpl.register(..)
2025-08-28T16:35:08.998+05:30 DEBUG 35784 --- [back_end] [http-nio-8080-exec-3] e.vidura.akapilot.aspect.LoggingAspect   : ⏱ Finished service: AuthServiceImpl.register(..) in 161 ms
2025-08-28T16:35:09.000+05:30  INFO 35784 --- [back_end] [http-nio-8080-exec-3] e.vidura.akapilot.aspect.LoggingAspect   : ✅ Exiting controller: AuthController.registerUser(..) with result: <200 OK OK,ApiResponse(status=200, message=User registered successfully, data=User registered successfully),[]>
2025-08-28T16:35:18.971+05:30  INFO 35784 --- [back_end] [http-nio-8080-exec-7] e.vidura.akapilot.aspect.LoggingAspect   : ➡ Entering controller: AuthController.login(..) with arguments: [AuthDTO(username=vidura, password=viduraaa)]
2025-08-28T16:35:18.971+05:30 DEBUG 35784 --- [back_end] [http-nio-8080-exec-7] e.vidura.akapilot.aspect.LoggingAspect   : ▶ Starting service: AuthServiceImpl.authenticate(..)
2025-08-28T16:35:19.082+05:30 DEBUG 35784 --- [back_end] [http-nio-8080-exec-7] e.vidura.akapilot.aspect.LoggingAspect   : ⏱ Finished service: AuthServiceImpl.authenticate(..) in 111 ms
2025-08-28T16:35:19.082+05:30  INFO 35784 --- [back_end] [http-nio-8080-exec-7] e.vidura.akapilot.aspect.LoggingAspect   : ✅ Exiting controller: AuthController.login(..) with result: <200 OK OK,ApiResponse(status=200, message=OK, data=AuthResponseDTO(accessToken=eyJhbGciOiJIUzI1NiJ9.eyJzdWIiOiJ2aWR1cmEiLCJpYXQiOjE3NTYzNzkxMTksImV4cCI6MTc1NjM4MjcxOX0.TBFMGrdLlkrzrnbsWLRvVV-ia7_EVuXM32Tzm0hQG9w)),[]>
2025-08-28T16:37:33.795+05:30  INFO 35784 --- [back_end] [http-nio-8080-exec-9] e.vidura.akapilot.aspect.LoggingAspect   : ➡ Entering controller: AuthController.login(..) with arguments: [AuthDTO(username=vidura, password=viduraaa)]
2025-08-28T16:37:33.796+05:30 DEBUG 35784 --- [back_end] [http-nio-8080-exec-9] e.vidura.akapilot.aspect.LoggingAspect   : ▶ Starting service: AuthServiceImpl.authenticate(..)
2025-08-28T16:37:33.881+05:30 DEBUG 35784 --- [back_end] [http-nio-8080-exec-9] e.vidura.akapilot.aspect.LoggingAspect   : ⏱ Finished service: AuthServiceImpl.authenticate(..) in 85 ms
2025-08-28T16:37:33.881+05:30  INFO 35784 --- [back_end] [http-nio-8080-exec-9] e.vidura.akapilot.aspect.LoggingAspect   : ✅ Exiting controller: AuthController.login(..) with result: <200 OK OK,ApiResponse(status=200, message=OK, data=AuthResponseDTO(accessToken=eyJhbGciOiJIUzI1NiJ9.eyJzdWIiOiJ2aWR1cmEiLCJpYXQiOjE3NTYzNzkyNTMsImV4cCI6MTc1NjM4Mjg1M30.UiKhzhPV0o0JS5Ih4GHu098lkr1a0eBUDT_G_gchKEk)),[]>
2025-08-28T16:37:48.892+05:30  INFO 35784 --- [back_end] [http-nio-8080-exec-8] e.vidura.akapilot.aspect.LoggingAspect   : ➡ Entering controller: SubjectController.getSubject() with arguments: []
2025-08-28T16:37:48.893+05:30 DEBUG 35784 --- [back_end] [http-nio-8080-exec-8] e.vidura.akapilot.aspect.LoggingAspect   : ▶ Starting service: SubjectServiceImpl.getAllSubjects()
2025-08-28T16:37:48.907+05:30 DEBUG 35784 --- [back_end] [http-nio-8080-exec-8] e.vidura.akapilot.aspect.LoggingAspect   : ⏱ Finished service: SubjectServiceImpl.getAllSubjects() in 14 ms
2025-08-28T16:37:48.908+05:30  INFO 35784 --- [back_end] [http-nio-8080-exec-8] e.vidura.akapilot.aspect.LoggingAspect   : ✅ Exiting controller: SubjectController.getSubject() with result: <200 OK OK,ApiResponse(status=200, message=Success, data=[]),[]>
2025-08-28T16:38:18.841+05:30  INFO 35784 --- [back_end] [http-nio-8080-exec-2] e.vidura.akapilot.aspect.LoggingAspect   : ➡ Entering controller: AuthController.login(..) with arguments: [AuthDTO(username=SubjectOne, password=viduraaa)]
2025-08-28T16:38:18.842+05:30 DEBUG 35784 --- [back_end] [http-nio-8080-exec-2] e.vidura.akapilot.aspect.LoggingAspect   : ▶ Starting service: AuthServiceImpl.authenticate(..)
2025-08-28T16:38:18.930+05:30 DEBUG 35784 --- [back_end] [http-nio-8080-exec-2] e.vidura.akapilot.aspect.LoggingAspect   : ⏱ Finished service: AuthServiceImpl.authenticate(..) in 88 ms
2025-08-28T16:38:18.931+05:30  INFO 35784 --- [back_end] [http-nio-8080-exec-2] e.vidura.akapilot.aspect.LoggingAspect   : ✅ Exiting controller: AuthController.login(..) with result: <200 OK OK,ApiResponse(status=200, message=OK, data=AuthResponseDTO(accessToken=eyJhbGciOiJIUzI1NiJ9.eyJzdWIiOiJTdWJqZWN0T25lIiwiaWF0IjoxNzU2Mzc5Mjk4LCJleHAiOjE3NTYzODI4OTh9.MCUufCbO9yCL-iZ5oeWYeehO7ZFUrJaVKFqzSIakLC0)),[]>
2025-08-28T16:38:27.045+05:30  INFO 35784 --- [back_end] [http-nio-8080-exec-1] e.vidura.akapilot.aspect.LoggingAspect   : ➡ Entering controller: SubjectController.getSubject() with arguments: []
2025-08-28T16:38:27.045+05:30 DEBUG 35784 --- [back_end] [http-nio-8080-exec-1] e.vidura.akapilot.aspect.LoggingAspect   : ▶ Starting service: SubjectServiceImpl.getAllSubjects()
2025-08-28T16:38:27.059+05:30 DEBUG 35784 --- [back_end] [http-nio-8080-exec-1] e.vidura.akapilot.aspect.LoggingAspect   : ⏱ Finished service: SubjectServiceImpl.getAllSubjects() in 14 ms
2025-08-28T16:38:27.059+05:30  INFO 35784 --- [back_end] [http-nio-8080-exec-1] e.vidura.akapilot.aspect.LoggingAspect   : ✅ Exiting controller: SubjectController.getSubject() with result: <200 OK OK,ApiResponse(status=200, message=Success, data=[SubjectsDTO(name=SubjectOne-subOne, color=Red), SubjectsDTO(name=SubjectOne-subTwo, color=Red), SubjectsDTO(name=SubjectOne-subThree, color=Red)]),[]>
2025-08-28T16:39:27.813+05:30  INFO 35784 --- [back_end] [http-nio-8080-exec-5] e.vidura.akapilot.aspect.LoggingAspect   : ➡ Entering controller: SubjectController.getSubject() with arguments: []
2025-08-28T16:39:27.814+05:30 DEBUG 35784 --- [back_end] [http-nio-8080-exec-5] e.vidura.akapilot.aspect.LoggingAspect   : ▶ Starting service: SubjectServiceImpl.getAllSubjects()
2025-08-28T16:39:27.821+05:30 DEBUG 35784 --- [back_end] [http-nio-8080-exec-5] e.vidura.akapilot.aspect.LoggingAspect   : ⏱ Finished service: SubjectServiceImpl.getAllSubjects() in 8 ms
2025-08-28T16:39:27.821+05:30  INFO 35784 --- [back_end] [http-nio-8080-exec-5] e.vidura.akapilot.aspect.LoggingAspect   : ✅ Exiting controller: SubjectController.getSubject() with result: <200 OK OK,ApiResponse(status=200, message=Success, data=[SubjectsDTO(name=SubjectOne-subOne, color=Red), SubjectsDTO(name=SubjectOne-subTwo, color=Red), SubjectsDTO(name=SubjectOne-subThree, color=Red)]),[]>
2025-08-28T16:40:03.018+05:30  INFO 35784 --- [back_end] [http-nio-8080-exec-7] e.vidura.akapilot.aspect.LoggingAspect   : ➡ Entering controller: SubjectController.postSubject(..) with arguments: [SubjectsDTO(name=Mathematics, color=#FF5733)]
2025-08-28T16:40:03.019+05:30 DEBUG 35784 --- [back_end] [http-nio-8080-exec-7] e.vidura.akapilot.aspect.LoggingAspect   : ▶ Starting service: SubjectServiceImpl.saveSubject(..)
2025-08-28T16:40:03.033+05:30 DEBUG 35784 --- [back_end] [http-nio-8080-exec-7] e.vidura.akapilot.aspect.LoggingAspect   : ⏱ Finished service: SubjectServiceImpl.saveSubject(..) in 14 ms
2025-08-28T16:40:03.034+05:30  INFO 35784 --- [back_end] [http-nio-8080-exec-7] e.vidura.akapilot.aspect.LoggingAspect   : ✅ Exiting controller: SubjectController.postSubject(..) with result: <200 OK OK,ApiResponse(status=200, message=Subject saved successfully, data=SubjectsDTO(name=Mathematics, color=#FF5733)),[]>
2025-08-28T16:40:59.820+05:30  WARN 35784 --- [back_end] [http-nio-8080-exec-6] .w.s.m.s.DefaultHandlerExceptionResolver : Resolved [org.springframework.web.HttpRequestMethodNotSupportedException: Request method 'POST' is not supported]
2025-08-28T16:41:03.311+05:30  INFO 35784 --- [back_end] [http-nio-8080-exec-10] e.vidura.akapilot.aspect.LoggingAspect   : ➡ Entering controller: SubjectController.getSubject(..) with arguments: [11]
2025-08-28T16:41:03.311+05:30 DEBUG 35784 --- [back_end] [http-nio-8080-exec-10] e.vidura.akapilot.aspect.LoggingAspect   : ▶ Starting service: SubjectServiceImpl.getSubject(..)
2025-08-28T16:41:03.329+05:30 DEBUG 35784 --- [back_end] [http-nio-8080-exec-10] e.vidura.akapilot.aspect.LoggingAspect   : ⏱ Finished service: SubjectServiceImpl.getSubject(..) in 18 ms
2025-08-28T16:41:03.329+05:30  INFO 35784 --- [back_end] [http-nio-8080-exec-10] e.vidura.akapilot.aspect.LoggingAspect   : ✅ Exiting controller: SubjectController.getSubject(..) with result: <200 OK OK,ApiResponse(status=200, message=Success, data=SubjectsDTO(name=Mathematics, color=#FF5733)),[]>
2025-08-28T16:42:04.601+05:30  INFO 35784 --- [back_end] [http-nio-8080-exec-2] e.vidura.akapilot.aspect.LoggingAspect   : ➡ Entering controller: AuthController.login(..) with arguments: [AuthDTO(username=SubjectOne, password=viduraaa)]
2025-08-28T16:42:04.601+05:30 DEBUG 35784 --- [back_end] [http-nio-8080-exec-2] e.vidura.akapilot.aspect.LoggingAspect   : ▶ Starting service: AuthServiceImpl.authenticate(..)
2025-08-28T16:42:04.684+05:30 DEBUG 35784 --- [back_end] [http-nio-8080-exec-2] e.vidura.akapilot.aspect.LoggingAspect   : ⏱ Finished service: AuthServiceImpl.authenticate(..) in 83 ms
2025-08-28T16:42:04.684+05:30  INFO 35784 --- [back_end] [http-nio-8080-exec-2] e.vidura.akapilot.aspect.LoggingAspect   : ✅ Exiting controller: AuthController.login(..) with result: <200 OK OK,ApiResponse(status=200, message=OK, data=AuthResponseDTO(accessToken=eyJhbGciOiJIUzI1NiJ9.eyJzdWIiOiJTdWJqZWN0T25lIiwiaWF0IjoxNzU2Mzc5NTI0LCJleHAiOjE3NTYzODMxMjR9.OGa9Qxjrw6xOfuRbtCMFx_kIOFSsnN87JBFdq9N8ED4)),[]>
2025-08-28T16:42:28.129+05:30  WARN 35784 --- [back_end] [http-nio-8080-exec-1] .w.s.m.s.DefaultHandlerExceptionResolver : Resolved [org.springframework.web.HttpRequestMethodNotSupportedException: Request method 'POST' is not supported]
2025-08-28T16:42:34.907+05:30  INFO 35784 --- [back_end] [http-nio-8080-exec-3] e.vidura.akapilot.aspect.LoggingAspect   : ➡ Entering controller: SubjectController.updateSubject(..) with arguments: [11, SubjectsDTO(name=Advanced Mathematics, color=Red)]
2025-08-28T16:42:34.907+05:30 DEBUG 35784 --- [back_end] [http-nio-8080-exec-3] e.vidura.akapilot.aspect.LoggingAspect   : ▶ Starting service: SubjectServiceImpl.updateSubject(..)
2025-08-28T16:42:34.930+05:30 DEBUG 35784 --- [back_end] [http-nio-8080-exec-3] e.vidura.akapilot.aspect.LoggingAspect   : ⏱ Finished service: SubjectServiceImpl.updateSubject(..) in 23 ms
2025-08-28T16:42:34.930+05:30  INFO 35784 --- [back_end] [http-nio-8080-exec-3] e.vidura.akapilot.aspect.LoggingAspect   : ✅ Exiting controller: SubjectController.updateSubject(..) with result: <200 OK OK,ApiResponse(status=200, message=Subject updated successfully, data=SubjectsDTO(name=Advanced Mathematics, color=Red)),[]>
2025-08-28T16:42:45.958+05:30  INFO 35784 --- [back_end] [http-nio-8080-exec-4] e.vidura.akapilot.aspect.LoggingAspect   : ➡ Entering controller: SubjectController.updateSubject(..) with arguments: [11, SubjectsDTO(name=Advanced Mathematics, color=Red)]
2025-08-28T16:42:45.959+05:30 DEBUG 35784 --- [back_end] [http-nio-8080-exec-4] e.vidura.akapilot.aspect.LoggingAspect   : ▶ Starting service: SubjectServiceImpl.updateSubject(..)
2025-08-28T16:42:45.967+05:30 DEBUG 35784 --- [back_end] [http-nio-8080-exec-4] e.vidura.akapilot.aspect.LoggingAspect   : ⏱ Finished service: SubjectServiceImpl.updateSubject(..) in 8 ms
2025-08-28T16:42:45.968+05:30  INFO 35784 --- [back_end] [http-nio-8080-exec-4] e.vidura.akapilot.aspect.LoggingAspect   : ✅ Exiting controller: SubjectController.updateSubject(..) with result: <200 OK OK,ApiResponse(status=200, message=Subject updated successfully, data=SubjectsDTO(name=Advanced Mathematics, color=Red)),[]>
2025-08-28T16:43:08.165+05:30  INFO 35784 --- [back_end] [http-nio-8080-exec-5] e.vidura.akapilot.aspect.LoggingAspect   : ➡ Entering controller: AuthController.login(..) with arguments: [AuthDTO(username=SubjectOne, password=viduraaa)]
2025-08-28T16:43:08.165+05:30 DEBUG 35784 --- [back_end] [http-nio-8080-exec-5] e.vidura.akapilot.aspect.LoggingAspect   : ▶ Starting service: AuthServiceImpl.authenticate(..)
2025-08-28T16:43:08.252+05:30 DEBUG 35784 --- [back_end] [http-nio-8080-exec-5] e.vidura.akapilot.aspect.LoggingAspect   : ⏱ Finished service: AuthServiceImpl.authenticate(..) in 87 ms
2025-08-28T16:43:08.253+05:30  INFO 35784 --- [back_end] [http-nio-8080-exec-5] e.vidura.akapilot.aspect.LoggingAspect   : ✅ Exiting controller: AuthController.login(..) with result: <200 OK OK,ApiResponse(status=200, message=OK, data=AuthResponseDTO(accessToken=eyJhbGciOiJIUzI1NiJ9.eyJzdWIiOiJTdWJqZWN0T25lIiwiaWF0IjoxNzU2Mzc5NTg4LCJleHAiOjE3NTYzODMxODh9.AoTVPSxGuwmH9oKBCESfCYQccdOIdGvln_WweT0ZnYE)),[]>
2025-08-28T16:43:15.080+05:30  WARN 35784 --- [back_end] [http-nio-8080-exec-7] .w.s.m.s.DefaultHandlerExceptionResolver : Resolved [org.springframework.web.HttpRequestMethodNotSupportedException: Request method 'PUT' is not supported]
2025-08-28T16:43:21.252+05:30  INFO 35784 --- [back_end] [http-nio-8080-exec-6] e.vidura.akapilot.aspect.LoggingAspect   : ➡ Entering controller: SubjectController.deleteSubject(..) with arguments: [11]
2025-08-28T16:43:21.252+05:30 DEBUG 35784 --- [back_end] [http-nio-8080-exec-6] e.vidura.akapilot.aspect.LoggingAspect   : ▶ Starting service: SubjectServiceImpl.deleteSubject(..)
2025-08-28T16:43:21.289+05:30 DEBUG 35784 --- [back_end] [http-nio-8080-exec-6] e.vidura.akapilot.aspect.LoggingAspect   : ⏱ Finished service: SubjectServiceImpl.deleteSubject(..) in 37 ms
2025-08-28T16:43:21.290+05:30  INFO 35784 --- [back_end] [http-nio-8080-exec-6] e.vidura.akapilot.aspect.LoggingAspect   : ✅ Exiting controller: SubjectController.deleteSubject(..) with result: <200 OK OK,ApiResponse(status=200, message=Subject deleted successfully, data=null),[]>
2025-08-28T16:45:17.548+05:30  INFO 35784 --- [back_end] [http-nio-8080-exec-8] e.vidura.akapilot.aspect.LoggingAspect   : ➡ Entering controller: AuthController.login(..) with arguments: [AuthDTO(username=SubjectOne, password=viduraaa)]
2025-08-28T16:45:17.548+05:30 DEBUG 35784 --- [back_end] [http-nio-8080-exec-8] e.vidura.akapilot.aspect.LoggingAspect   : ▶ Starting service: AuthServiceImpl.authenticate(..)
2025-08-28T16:45:17.627+05:30 DEBUG 35784 --- [back_end] [http-nio-8080-exec-8] e.vidura.akapilot.aspect.LoggingAspect   : ⏱ Finished service: AuthServiceImpl.authenticate(..) in 79 ms
2025-08-28T16:45:17.628+05:30  INFO 35784 --- [back_end] [http-nio-8080-exec-8] e.vidura.akapilot.aspect.LoggingAspect   : ✅ Exiting controller: AuthController.login(..) with result: <200 OK OK,ApiResponse(status=200, message=OK, data=AuthResponseDTO(accessToken=eyJhbGciOiJIUzI1NiJ9.eyJzdWIiOiJTdWJqZWN0T25lIiwiaWF0IjoxNzU2Mzc5NzE3LCJleHAiOjE3NTYzODMzMTd9.KKKQl506DiV2jy9oeSWeLXat-iGqpEbRt50s6x99pRc)),[]>
2025-08-28T16:45:25.088+05:30  INFO 35784 --- [back_end] [http-nio-8080-exec-2] e.vidura.akapilot.aspect.LoggingAspect   : ➡ Entering controller: MemoryCardsController.getMemoryCards() with arguments: []
2025-08-28T16:45:25.088+05:30 DEBUG 35784 --- [back_end] [http-nio-8080-exec-2] e.vidura.akapilot.aspect.LoggingAspect   : ▶ Starting service: MemoryCardsServiceImpl.getAllMemoryCards()
2025-08-28T16:45:25.105+05:30 DEBUG 35784 --- [back_end] [http-nio-8080-exec-2] e.vidura.akapilot.aspect.LoggingAspect   : ⏱ Finished service: MemoryCardsServiceImpl.getAllMemoryCards() in 16 ms
2025-08-28T16:45:25.105+05:30  INFO 35784 --- [back_end] [http-nio-8080-exec-2] e.vidura.akapilot.aspect.LoggingAspect   : ✅ Exiting controller: MemoryCardsController.getMemoryCards() with result: <200 OK OK,ApiResponse(status=200, message=Success, data=[MemoryCardsDTO(front=SubjectOne-MemoOne, back=4, status=LEARNING, deadline=2025-09-01T00:00, subjectId=5), MemoryCardsDTO(front=Update Id 5, back=4, status=LEARNING, deadline=2025-09-01T00:00, subjectId=6), MemoryCardsDTO(front=SubjectOne-MemoTwo, back=4, status=LEARNING, deadline=2025-09-01T00:00, subjectId=6)]),[]>
2025-08-28T16:46:56.202+05:30  INFO 35784 --- [back_end] [http-nio-8080-exec-7] e.vidura.akapilot.aspect.LoggingAspect   : ➡ Entering controller: MemoryCardsController.postMemoryCards(..) with arguments: [MemoryCardsDTO(front=What is the capital of France?, back=Paris, status=NEW, deadline=2025-09-05T12:00, subjectId=5)]
2025-08-28T16:46:56.202+05:30 DEBUG 35784 --- [back_end] [http-nio-8080-exec-7] e.vidura.akapilot.aspect.LoggingAspect   : ▶ Starting service: MemoryCardsServiceImpl.saveMemoryCards(..)
2025-08-28T16:46:56.218+05:30 DEBUG 35784 --- [back_end] [http-nio-8080-exec-7] e.vidura.akapilot.aspect.LoggingAspect   : ⏱ Finished service: MemoryCardsServiceImpl.saveMemoryCards(..) in 16 ms
2025-08-28T16:46:56.218+05:30  INFO 35784 --- [back_end] [http-nio-8080-exec-7] e.vidura.akapilot.aspect.LoggingAspect   : ✅ Exiting controller: MemoryCardsController.postMemoryCards(..) with result: <200 OK OK,ApiResponse(status=200, message=Memory card saved successfully, data=MemoryCardsDTO(front=What is the capital of France?, back=Paris, status=NEW, deadline=2025-09-05T12:00, subjectId=5)),[]>
2025-08-28T16:49:01.846+05:30  WARN 35784 --- [back_end] [http-nio-8080-exec-9] .w.s.m.s.DefaultHandlerExceptionResolver : Resolved [org.springframework.web.HttpRequestMethodNotSupportedException: Request method 'POST' is not supported]
2025-08-28T16:49:11.819+05:30  WARN 35784 --- [back_end] [http-nio-8080-exec-8] .w.s.m.s.DefaultHandlerExceptionResolver : Resolved [org.springframework.web.HttpRequestMethodNotSupportedException: Request method 'POST' is not supported]
2025-08-28T16:49:21.068+05:30  INFO 35784 --- [back_end] [http-nio-8080-exec-2] e.vidura.akapilot.aspect.LoggingAspect   : ➡ Entering controller: MemoryCardsController.updateMemoryCards(..) with arguments: [8, MemoryCardsDTO(front=Updated question here?, back=Updated answer here, status=MASTERED, deadline=2025-09-10T18:00, subjectId=5)]
2025-08-28T16:49:21.068+05:30 DEBUG 35784 --- [back_end] [http-nio-8080-exec-2] e.vidura.akapilot.aspect.LoggingAspect   : ▶ Starting service: MemoryCardsServiceImpl.updateMemoryCards(..)
2025-08-28T16:49:21.084+05:30 DEBUG 35784 --- [back_end] [http-nio-8080-exec-2] e.vidura.akapilot.aspect.LoggingAspect   : ⏱ Finished service: MemoryCardsServiceImpl.updateMemoryCards(..) in 16 ms
2025-08-28T16:49:21.084+05:30  INFO 35784 --- [back_end] [http-nio-8080-exec-2] e.vidura.akapilot.aspect.LoggingAspect   : ✅ Exiting controller: MemoryCardsController.updateMemoryCards(..) with result: <200 OK OK,ApiResponse(status=200, message=Memory card updated successfully, data=MemoryCardsDTO(front=Updated question here?, back=Updated answer here, status=MASTERED, deadline=2025-09-10T18:00, subjectId=5)),[]>
2025-08-28T16:50:06.507+05:30  INFO 35784 --- [back_end] [http-nio-8080-exec-1] e.vidura.akapilot.aspect.LoggingAspect   : ➡ Entering controller: MemoryCardsController.deleteMemoryCards(..) with arguments: [8]
2025-08-28T16:50:06.508+05:30 DEBUG 35784 --- [back_end] [http-nio-8080-exec-1] e.vidura.akapilot.aspect.LoggingAspect   : ▶ Starting service: MemoryCardsServiceImpl.deleteMemoryCards(..)
2025-08-28T16:50:06.521+05:30 DEBUG 35784 --- [back_end] [http-nio-8080-exec-1] e.vidura.akapilot.aspect.LoggingAspect   : ⏱ Finished service: MemoryCardsServiceImpl.deleteMemoryCards(..) in 13 ms
2025-08-28T16:50:06.522+05:30  INFO 35784 --- [back_end] [http-nio-8080-exec-1] e.vidura.akapilot.aspect.LoggingAspect   : ✅ Exiting controller: MemoryCardsController.deleteMemoryCards(..) with result: <200 OK OK,ApiResponse(status=200, message=Memory card deleted successfully, data=null),[]>
2025-08-28T16:50:49.539+05:30  INFO 35784 --- [back_end] [http-nio-8080-exec-5] e.vidura.akapilot.aspect.LoggingAspect   : ➡ Entering controller: SubjectController.postSubject(..) with arguments: [SubjectsDTO(name=Advanced Mathematics, color=Red)]
2025-08-28T16:50:49.539+05:30 DEBUG 35784 --- [back_end] [http-nio-8080-exec-5] e.vidura.akapilot.aspect.LoggingAspect   : ▶ Starting service: SubjectServiceImpl.saveSubject(..)
2025-08-28T16:50:49.548+05:30 DEBUG 35784 --- [back_end] [http-nio-8080-exec-5] e.vidura.akapilot.aspect.LoggingAspect   : ⏱ Finished service: SubjectServiceImpl.saveSubject(..) in 9 ms
2025-08-28T16:50:49.548+05:30  INFO 35784 --- [back_end] [http-nio-8080-exec-5] e.vidura.akapilot.aspect.LoggingAspect   : ✅ Exiting controller: SubjectController.postSubject(..) with result: <200 OK OK,ApiResponse(status=200, message=Subject saved successfully, data=SubjectsDTO(name=Advanced Mathematics, color=Red)),[]>
2025-08-28T16:51:17.558+05:30  INFO 35784 --- [back_end] [http-nio-8080-exec-7] e.vidura.akapilot.aspect.LoggingAspect   : ➡ Entering controller: MemoryCardsController.getMemoryCards() with arguments: []
2025-08-28T16:51:17.558+05:30 DEBUG 35784 --- [back_end] [http-nio-8080-exec-7] e.vidura.akapilot.aspect.LoggingAspect   : ▶ Starting service: MemoryCardsServiceImpl.getAllMemoryCards()
2025-08-28T16:51:17.567+05:30 DEBUG 35784 --- [back_end] [http-nio-8080-exec-7] e.vidura.akapilot.aspect.LoggingAspect   : ⏱ Finished service: MemoryCardsServiceImpl.getAllMemoryCards() in 9 ms
2025-08-28T16:51:17.567+05:30  INFO 35784 --- [back_end] [http-nio-8080-exec-7] e.vidura.akapilot.aspect.LoggingAspect   : ✅ Exiting controller: MemoryCardsController.getMemoryCards() with result: <200 OK OK,ApiResponse(status=200, message=Success, data=[MemoryCardsDTO(front=SubjectOne-MemoOne, back=4, status=LEARNING, deadline=2025-09-01T00:00, subjectId=5), MemoryCardsDTO(front=Update Id 5, back=4, status=LEARNING, deadline=2025-09-01T00:00, subjectId=6), MemoryCardsDTO(front=SubjectOne-MemoTwo, back=4, status=LEARNING, deadline=2025-09-01T00:00, subjectId=6)]),[]>
2025-08-28T16:52:18.845+05:30  INFO 35784 --- [back_end] [http-nio-8080-exec-4] e.vidura.akapilot.aspect.LoggingAspect   : ➡ Entering controller: MemoryCardsController.updateMemoryCards(..) with arguments: [8, MemoryCardsDTO(front=Updated question here?, back=Updated answer here, status=MASTERED, deadline=2025-09-10T18:00, subjectId=5)]
2025-08-28T16:52:18.845+05:30 DEBUG 35784 --- [back_end] [http-nio-8080-exec-4] e.vidura.akapilot.aspect.LoggingAspect   : ▶ Starting service: MemoryCardsServiceImpl.updateMemoryCards(..)
2025-08-28T16:52:33.899+05:30  INFO 35784 --- [back_end] [http-nio-8080-exec-7] e.vidura.akapilot.aspect.LoggingAspect   : ➡ Entering controller: MemoryCardsController.postMemoryCards(..) with arguments: [MemoryCardsDTO(front=What is the capital of France?, back=Paris, status=LEARNING, deadline=2025-09-05T12:00, subjectId=5)]
2025-08-28T16:52:33.900+05:30 DEBUG 35784 --- [back_end] [http-nio-8080-exec-7] e.vidura.akapilot.aspect.LoggingAspect   : ▶ Starting service: MemoryCardsServiceImpl.saveMemoryCards(..)
2025-08-28T16:52:33.915+05:30 DEBUG 35784 --- [back_end] [http-nio-8080-exec-7] e.vidura.akapilot.aspect.LoggingAspect   : ⏱ Finished service: MemoryCardsServiceImpl.saveMemoryCards(..) in 15 ms
2025-08-28T16:52:33.916+05:30  INFO 35784 --- [back_end] [http-nio-8080-exec-7] e.vidura.akapilot.aspect.LoggingAspect   : ✅ Exiting controller: MemoryCardsController.postMemoryCards(..) with result: <200 OK OK,ApiResponse(status=200, message=Memory card saved successfully, data=MemoryCardsDTO(front=What is the capital of France?, back=Paris, status=LEARNING, deadline=2025-09-05T12:00, subjectId=5)),[]>
2025-08-28T16:52:50.100+05:30  INFO 35784 --- [back_end] [http-nio-8080-exec-6] e.vidura.akapilot.aspect.LoggingAspect   : ➡ Entering controller: MemoryCardsController.updateMemoryCards(..) with arguments: [9, MemoryCardsDTO(front=Updated question here?, back=Updated answer here, status=MASTERED, deadline=2025-09-10T18:00, subjectId=5)]
2025-08-28T16:52:50.100+05:30 DEBUG 35784 --- [back_end] [http-nio-8080-exec-6] e.vidura.akapilot.aspect.LoggingAspect   : ▶ Starting service: MemoryCardsServiceImpl.updateMemoryCards(..)
2025-08-28T16:52:50.115+05:30 DEBUG 35784 --- [back_end] [http-nio-8080-exec-6] e.vidura.akapilot.aspect.LoggingAspect   : ⏱ Finished service: MemoryCardsServiceImpl.updateMemoryCards(..) in 15 ms
2025-08-28T16:52:50.115+05:30  INFO 35784 --- [back_end] [http-nio-8080-exec-6] e.vidura.akapilot.aspect.LoggingAspect   : ✅ Exiting controller: MemoryCardsController.updateMemoryCards(..) with result: <200 OK OK,ApiResponse(status=200, message=Memory card updated successfully, data=MemoryCardsDTO(front=Updated question here?, back=Updated answer here, status=MASTERED, deadline=2025-09-10T18:00, subjectId=5)),[]>
2025-08-28T16:53:23.409+05:30  INFO 35784 --- [back_end] [http-nio-8080-exec-10] e.vidura.akapilot.aspect.LoggingAspect   : ➡ Entering controller: MemoryCardsController.deleteMemoryCards(..) with arguments: [9]
2025-08-28T16:53:23.409+05:30 DEBUG 35784 --- [back_end] [http-nio-8080-exec-10] e.vidura.akapilot.aspect.LoggingAspect   : ▶ Starting service: MemoryCardsServiceImpl.deleteMemoryCards(..)
2025-08-28T16:53:23.423+05:30 DEBUG 35784 --- [back_end] [http-nio-8080-exec-10] e.vidura.akapilot.aspect.LoggingAspect   : ⏱ Finished service: MemoryCardsServiceImpl.deleteMemoryCards(..) in 14 ms
2025-08-28T16:53:23.424+05:30  INFO 35784 --- [back_end] [http-nio-8080-exec-10] e.vidura.akapilot.aspect.LoggingAspect   : ✅ Exiting controller: MemoryCardsController.deleteMemoryCards(..) with result: <200 OK OK,ApiResponse(status=200, message=Memory card deleted successfully, data=null),[]>
2025-08-28T16:54:33.270+05:30  INFO 35784 --- [back_end] [http-nio-8080-exec-2] e.vidura.akapilot.aspect.LoggingAspect   : ➡ Entering controller: MemoryCardsController.getMemoryCardsById(..) with arguments: [4]
2025-08-28T16:54:33.271+05:30 DEBUG 35784 --- [back_end] [http-nio-8080-exec-2] e.vidura.akapilot.aspect.LoggingAspect   : ▶ Starting service: MemoryCardsServiceImpl.getMemoryCardsById(..)
2025-08-28T16:54:33.278+05:30 DEBUG 35784 --- [back_end] [http-nio-8080-exec-2] e.vidura.akapilot.aspect.LoggingAspect   : ⏱ Finished service: MemoryCardsServiceImpl.getMemoryCardsById(..) in 7 ms
2025-08-28T16:54:33.278+05:30  INFO 35784 --- [back_end] [http-nio-8080-exec-2] e.vidura.akapilot.aspect.LoggingAspect   : ✅ Exiting controller: MemoryCardsController.getMemoryCardsById(..) with result: <200 OK OK,ApiResponse(status=200, message=Success, data=MemoryCardsDTO(front=SubjectOne-MemoOne, back=4, status=LEARNING, deadline=2025-09-01T00:00, subjectId=5)),[]>
2025-08-28T16:54:55.728+05:30  INFO 35784 --- [back_end] [SpringApplicationShutdownHook] o.s.b.w.e.tomcat.GracefulShutdown        : Commencing graceful shutdown. Waiting for active requests to complete
2025-08-28T16:54:55.733+05:30  INFO 35784 --- [back_end] [tomcat-shutdown] o.s.b.w.e.tomcat.GracefulShutdown        : Graceful shutdown complete
2025-08-28T16:54:55.738+05:30  INFO 35784 --- [back_end] [SpringApplicationShutdownHook] j.LocalContainerEntityManagerFactoryBean : Closing JPA EntityManagerFactory for persistence unit 'default'
2025-08-28T16:54:55.740+05:30  INFO 35784 --- [back_end] [SpringApplicationShutdownHook] com.zaxxer.hikari.HikariDataSource       : HikariPool-1 - Shutdown initiated...
2025-08-28T16:54:55.745+05:30  INFO 35784 --- [back_end] [SpringApplicationShutdownHook] com.zaxxer.hikari.HikariDataSource       : HikariPool-1 - Shutdown completed.
2025-08-28T17:43:41.212+05:30  INFO 13916 --- [back_end] [main] edu.vidura.akapilot.BackEndApplication   : Starting BackEndApplication using Java 21.0.5 with PID 13916 (D:\IJSE\SECOND SEM\AAD\AKAPilot\back_end\target\classes started by Vidura in D:\IJSE\SECOND SEM\AAD\AKAPilot\back_end)
2025-08-28T17:43:41.213+05:30 DEBUG 13916 --- [back_end] [main] edu.vidura.akapilot.BackEndApplication   : Running with Spring Boot v3.5.4, Spring v6.2.9
2025-08-28T17:43:41.213+05:30  INFO 13916 --- [back_end] [main] edu.vidura.akapilot.BackEndApplication   : No active profile set, falling back to 1 default profile: "default"
2025-08-28T17:43:42.202+05:30  INFO 13916 --- [back_end] [main] .s.d.r.c.RepositoryConfigurationDelegate : Bootstrapping Spring Data JPA repositories in DEFAULT mode.
2025-08-28T17:43:42.267+05:30  INFO 13916 --- [back_end] [main] .s.d.r.c.RepositoryConfigurationDelegate : Finished Spring Data repository scanning in 57 ms. Found 4 JPA repository interfaces.
2025-08-28T17:43:42.963+05:30  INFO 13916 --- [back_end] [main] o.s.b.w.embedded.tomcat.TomcatWebServer  : Tomcat initialized with port 8080 (http)
2025-08-28T17:43:42.976+05:30  INFO 13916 --- [back_end] [main] o.apache.catalina.core.StandardService   : Starting service [Tomcat]
2025-08-28T17:43:42.976+05:30  INFO 13916 --- [back_end] [main] o.apache.catalina.core.StandardEngine    : Starting Servlet engine: [Apache Tomcat/10.1.43]
2025-08-28T17:43:43.022+05:30  INFO 13916 --- [back_end] [main] o.a.c.c.C.[Tomcat].[localhost].[/]       : Initializing Spring embedded WebApplicationContext
2025-08-28T17:43:43.022+05:30  INFO 13916 --- [back_end] [main] w.s.c.ServletWebServerApplicationContext : Root WebApplicationContext: initialization completed in 1769 ms
2025-08-28T17:43:43.232+05:30  INFO 13916 --- [back_end] [main] o.hibernate.jpa.internal.util.LogHelper  : HHH000204: Processing PersistenceUnitInfo [name: default]
2025-08-28T17:43:43.277+05:30  INFO 13916 --- [back_end] [main] org.hibernate.Version                    : HHH000412: Hibernate ORM core version 6.6.22.Final
2025-08-28T17:43:43.306+05:30  INFO 13916 --- [back_end] [main] o.h.c.internal.RegionFactoryInitiator    : HHH000026: Second-level cache disabled
2025-08-28T17:43:43.537+05:30  INFO 13916 --- [back_end] [main] o.s.o.j.p.SpringPersistenceUnitInfo      : No LoadTimeWeaver setup: ignoring JPA class transformer
2025-08-28T17:43:43.565+05:30  INFO 13916 --- [back_end] [main] com.zaxxer.hikari.HikariDataSource       : HikariPool-1 - Starting...
2025-08-28T17:43:43.859+05:30  INFO 13916 --- [back_end] [main] com.zaxxer.hikari.pool.HikariPool        : HikariPool-1 - Added connection com.mysql.cj.jdbc.ConnectionImpl@fde487b
2025-08-28T17:43:43.861+05:30  INFO 13916 --- [back_end] [main] com.zaxxer.hikari.HikariDataSource       : HikariPool-1 - Start completed.
2025-08-28T17:43:43.909+05:30  WARN 13916 --- [back_end] [main] org.hibernate.orm.deprecation            : HHH90000025: MySQLDialect does not need to be specified explicitly using 'hibernate.dialect' (remove the property setting and it will be selected by default)
2025-08-28T17:43:43.924+05:30  INFO 13916 --- [back_end] [main] org.hibernate.orm.connections.pooling    : HHH10001005: Database info:
	Database JDBC URL [Connecting through datasource 'HikariDataSource (HikariPool-1)']
	Database driver: undefined/unknown
	Database version: 8.0.36
	Autocommit mode: undefined/unknown
	Isolation level: undefined/unknown
	Minimum pool size: undefined/unknown
	Maximum pool size: undefined/unknown
2025-08-28T17:43:45.089+05:30  INFO 13916 --- [back_end] [main] o.h.e.t.j.p.i.JtaPlatformInitiator       : HHH000489: No JTA platform available (set 'hibernate.transaction.jta.platform' to enable JTA platform integration)
2025-08-28T17:43:45.212+05:30  INFO 13916 --- [back_end] [main] j.LocalContainerEntityManagerFactoryBean : Initialized JPA EntityManagerFactory for persistence unit 'default'
2025-08-28T17:43:45.618+05:30 DEBUG 13916 --- [back_end] [main] edu.vidura.akapilot.util.JwtAuthFilter   : Filter 'jwtAuthFilter' configured for use
2025-08-28T17:43:45.884+05:30  WARN 13916 --- [back_end] [main] JpaBaseConfiguration$JpaWebConfiguration : spring.jpa.open-in-view is enabled by default. Therefore, database queries may be performed during view rendering. Explicitly configure spring.jpa.open-in-view to disable this warning
2025-08-28T17:43:45.942+05:30  INFO 13916 --- [back_end] [main] r$InitializeUserDetailsManagerConfigurer : Global AuthenticationManager configured with UserDetailsService bean with name userDetailsService
2025-08-28T17:43:46.692+05:30  INFO 13916 --- [back_end] [main] o.s.b.w.embedded.tomcat.TomcatWebServer  : Tomcat started on port 8080 (http) with context path '/'
2025-08-28T17:43:46.698+05:30  INFO 13916 --- [back_end] [main] edu.vidura.akapilot.BackEndApplication   : Started BackEndApplication in 6.13 seconds (process running for 6.816)
2025-08-28T17:43:48.925+05:30  INFO 13916 --- [back_end] [http-nio-8080-exec-2] o.a.c.c.C.[Tomcat].[localhost].[/]       : Initializing Spring DispatcherServlet 'dispatcherServlet'
2025-08-28T17:43:48.925+05:30  INFO 13916 --- [back_end] [http-nio-8080-exec-2] o.s.web.servlet.DispatcherServlet        : Initializing Servlet 'dispatcherServlet'
2025-08-28T17:43:48.926+05:30  INFO 13916 --- [back_end] [http-nio-8080-exec-2] o.s.web.servlet.DispatcherServlet        : Completed initialization in 1 ms
2025-08-28T17:43:49.171+05:30  WARN 13916 --- [back_end] [http-nio-8080-exec-2] .w.s.m.s.DefaultHandlerExceptionResolver : Resolved [org.springframework.web.HttpRequestMethodNotSupportedException: Request method 'GET' is not supported]
2025-08-28T17:43:59.057+05:30  INFO 13916 --- [back_end] [http-nio-8080-exec-3] e.vidura.akapilot.aspect.LoggingAspect   : ➡ Entering controller: TodoController.saveTodo(..) with arguments: [TodosDTO(title=Finish math homework, description=Solve algebra exercises from chapter 5, dueDate=2025-09-01T18:00, completed=false, priority=HIGH, subjectId=5)]
2025-08-28T17:43:59.063+05:30 DEBUG 13916 --- [back_end] [http-nio-8080-exec-3] e.vidura.akapilot.aspect.LoggingAspect   : ▶ Starting service: TodoServiceImpl.saveTodo(..)
2025-08-28T17:43:59.142+05:30 DEBUG 13916 --- [back_end] [http-nio-8080-exec-3] e.vidura.akapilot.aspect.LoggingAspect   : ⏱ Finished service: TodoServiceImpl.saveTodo(..) in 79 ms
2025-08-28T17:43:59.145+05:30  INFO 13916 --- [back_end] [http-nio-8080-exec-3] e.vidura.akapilot.aspect.LoggingAspect   : ✅ Exiting controller: TodoController.saveTodo(..) with result: <200 OK OK,ApiResponse(status=200, message=Subject saved successfully, data=TodosDTO(title=Finish math homework, description=Solve algebra exercises from chapter 5, dueDate=2025-09-01T18:00, completed=false, priority=HIGH, subjectId=5)),[]>
2025-08-28T17:55:07.826+05:30  INFO 13916 --- [back_end] [SpringApplicationShutdownHook] o.s.b.w.e.tomcat.GracefulShutdown        : Commencing graceful shutdown. Waiting for active requests to complete
2025-08-28T17:55:07.832+05:30  INFO 13916 --- [back_end] [tomcat-shutdown] o.s.b.w.e.tomcat.GracefulShutdown        : Graceful shutdown complete
2025-08-28T17:55:07.837+05:30  INFO 13916 --- [back_end] [SpringApplicationShutdownHook] j.LocalContainerEntityManagerFactoryBean : Closing JPA EntityManagerFactory for persistence unit 'default'
2025-08-28T17:55:07.839+05:30  INFO 13916 --- [back_end] [SpringApplicationShutdownHook] com.zaxxer.hikari.HikariDataSource       : HikariPool-1 - Shutdown initiated...
2025-08-28T17:55:07.848+05:30  INFO 13916 --- [back_end] [SpringApplicationShutdownHook] com.zaxxer.hikari.HikariDataSource       : HikariPool-1 - Shutdown completed.
2025-08-28T17:55:12.490+05:30  INFO 36056 --- [back_end] [main] edu.vidura.akapilot.BackEndApplication   : Starting BackEndApplication using Java 21.0.5 with PID 36056 (D:\IJSE\SECOND SEM\AAD\AKAPilot\back_end\target\classes started by Vidura in D:\IJSE\SECOND SEM\AAD\AKAPilot\back_end)
2025-08-28T17:55:12.492+05:30 DEBUG 36056 --- [back_end] [main] edu.vidura.akapilot.BackEndApplication   : Running with Spring Boot v3.5.4, Spring v6.2.9
2025-08-28T17:55:12.492+05:30  INFO 36056 --- [back_end] [main] edu.vidura.akapilot.BackEndApplication   : No active profile set, falling back to 1 default profile: "default"
2025-08-28T17:55:13.238+05:30  INFO 36056 --- [back_end] [main] .s.d.r.c.RepositoryConfigurationDelegate : Bootstrapping Spring Data JPA repositories in DEFAULT mode.
2025-08-28T17:55:13.307+05:30  INFO 36056 --- [back_end] [main] .s.d.r.c.RepositoryConfigurationDelegate : Finished Spring Data repository scanning in 61 ms. Found 4 JPA repository interfaces.
2025-08-28T17:55:13.947+05:30  INFO 36056 --- [back_end] [main] o.s.b.w.embedded.tomcat.TomcatWebServer  : Tomcat initialized with port 8080 (http)
2025-08-28T17:55:13.960+05:30  INFO 36056 --- [back_end] [main] o.apache.catalina.core.StandardService   : Starting service [Tomcat]
2025-08-28T17:55:13.960+05:30  INFO 36056 --- [back_end] [main] o.apache.catalina.core.StandardEngine    : Starting Servlet engine: [Apache Tomcat/10.1.43]
2025-08-28T17:55:14.004+05:30  INFO 36056 --- [back_end] [main] o.a.c.c.C.[Tomcat].[localhost].[/]       : Initializing Spring embedded WebApplicationContext
2025-08-28T17:55:14.005+05:30  INFO 36056 --- [back_end] [main] w.s.c.ServletWebServerApplicationContext : Root WebApplicationContext: initialization completed in 1474 ms
2025-08-28T17:55:14.197+05:30  INFO 36056 --- [back_end] [main] o.hibernate.jpa.internal.util.LogHelper  : HHH000204: Processing PersistenceUnitInfo [name: default]
2025-08-28T17:55:14.239+05:30  INFO 36056 --- [back_end] [main] org.hibernate.Version                    : HHH000412: Hibernate ORM core version 6.6.22.Final
2025-08-28T17:55:14.267+05:30  INFO 36056 --- [back_end] [main] o.h.c.internal.RegionFactoryInitiator    : HHH000026: Second-level cache disabled
2025-08-28T17:55:14.510+05:30  INFO 36056 --- [back_end] [main] o.s.o.j.p.SpringPersistenceUnitInfo      : No LoadTimeWeaver setup: ignoring JPA class transformer
2025-08-28T17:55:14.535+05:30  INFO 36056 --- [back_end] [main] com.zaxxer.hikari.HikariDataSource       : HikariPool-1 - Starting...
2025-08-28T17:55:14.831+05:30  INFO 36056 --- [back_end] [main] com.zaxxer.hikari.pool.HikariPool        : HikariPool-1 - Added connection com.mysql.cj.jdbc.ConnectionImpl@1f6c4ae
2025-08-28T17:55:14.832+05:30  INFO 36056 --- [back_end] [main] com.zaxxer.hikari.HikariDataSource       : HikariPool-1 - Start completed.
2025-08-28T17:55:14.881+05:30  WARN 36056 --- [back_end] [main] org.hibernate.orm.deprecation            : HHH90000025: MySQLDialect does not need to be specified explicitly using 'hibernate.dialect' (remove the property setting and it will be selected by default)
2025-08-28T17:55:14.894+05:30  INFO 36056 --- [back_end] [main] org.hibernate.orm.connections.pooling    : HHH10001005: Database info:
	Database JDBC URL [Connecting through datasource 'HikariDataSource (HikariPool-1)']
	Database driver: undefined/unknown
	Database version: 8.0.36
	Autocommit mode: undefined/unknown
	Isolation level: undefined/unknown
	Minimum pool size: undefined/unknown
	Maximum pool size: undefined/unknown
2025-08-28T17:55:15.972+05:30  INFO 36056 --- [back_end] [main] o.h.e.t.j.p.i.JtaPlatformInitiator       : HHH000489: No JTA platform available (set 'hibernate.transaction.jta.platform' to enable JTA platform integration)
2025-08-28T17:55:16.075+05:30  INFO 36056 --- [back_end] [main] j.LocalContainerEntityManagerFactoryBean : Initialized JPA EntityManagerFactory for persistence unit 'default'
2025-08-28T17:55:16.486+05:30 DEBUG 36056 --- [back_end] [main] edu.vidura.akapilot.util.JwtAuthFilter   : Filter 'jwtAuthFilter' configured for use
2025-08-28T17:55:16.926+05:30  WARN 36056 --- [back_end] [main] JpaBaseConfiguration$JpaWebConfiguration : spring.jpa.open-in-view is enabled by default. Therefore, database queries may be performed during view rendering. Explicitly configure spring.jpa.open-in-view to disable this warning
2025-08-28T17:55:17.012+05:30  INFO 36056 --- [back_end] [main] r$InitializeUserDetailsManagerConfigurer : Global AuthenticationManager configured with UserDetailsService bean with name userDetailsService
2025-08-28T17:55:18.096+05:30  INFO 36056 --- [back_end] [main] o.s.b.w.embedded.tomcat.TomcatWebServer  : Tomcat started on port 8080 (http) with context path '/'
2025-08-28T17:55:18.103+05:30  INFO 36056 --- [back_end] [main] edu.vidura.akapilot.BackEndApplication   : Started BackEndApplication in 6.251 seconds (process running for 6.912)
2025-08-28T17:55:19.222+05:30  INFO 36056 --- [back_end] [http-nio-8080-exec-2] o.a.c.c.C.[Tomcat].[localhost].[/]       : Initializing Spring DispatcherServlet 'dispatcherServlet'
2025-08-28T17:55:19.222+05:30  INFO 36056 --- [back_end] [http-nio-8080-exec-2] o.s.web.servlet.DispatcherServlet        : Initializing Servlet 'dispatcherServlet'
2025-08-28T17:55:19.223+05:30  INFO 36056 --- [back_end] [http-nio-8080-exec-2] o.s.web.servlet.DispatcherServlet        : Completed initialization in 1 ms
2025-08-28T17:55:19.350+05:30  INFO 36056 --- [back_end] [http-nio-8080-exec-2] e.vidura.akapilot.aspect.LoggingAspect   : ➡ Entering controller: AuthController.login(..) with arguments: [AuthDTO(username=SubjectOne, password=viduraaa)]
2025-08-28T17:55:19.351+05:30 DEBUG 36056 --- [back_end] [http-nio-8080-exec-2] e.vidura.akapilot.aspect.LoggingAspect   : ▶ Starting service: AuthServiceImpl.authenticate(..)
2025-08-28T17:55:19.628+05:30 DEBUG 36056 --- [back_end] [http-nio-8080-exec-2] e.vidura.akapilot.aspect.LoggingAspect   : ⏱ Finished service: AuthServiceImpl.authenticate(..) in 277 ms
2025-08-28T17:55:19.629+05:30  INFO 36056 --- [back_end] [http-nio-8080-exec-2] e.vidura.akapilot.aspect.LoggingAspect   : ✅ Exiting controller: AuthController.login(..) with result: <200 OK OK,ApiResponse(status=200, message=OK, data=AuthResponseDTO(accessToken=eyJhbGciOiJIUzI1NiJ9.eyJzdWIiOiJTdWJqZWN0T25lIiwiaWF0IjoxNzU2MzgzOTE5LCJleHAiOjE3NTYzODc1MTl9.x8althNTE_-IpQAJIvTfYVf56C0aX_BDAvNs6YfhbqE)),[]>
2025-08-28T17:55:35.213+05:30  INFO 36056 --- [back_end] [http-nio-8080-exec-4] e.vidura.akapilot.aspect.LoggingAspect   : ➡ Entering controller: TodoController.getTodo() with arguments: []
2025-08-28T17:55:35.213+05:30 DEBUG 36056 --- [back_end] [http-nio-8080-exec-4] e.vidura.akapilot.aspect.LoggingAspect   : ▶ Starting service: TodoServiceImpl.getAllTodo()
2025-08-28T17:55:35.233+05:30 DEBUG 36056 --- [back_end] [http-nio-8080-exec-4] e.vidura.akapilot.aspect.LoggingAspect   : ⏱ Finished service: TodoServiceImpl.getAllTodo() in 20 ms
2025-08-28T17:55:35.233+05:30 DEBUG 36056 --- [back_end] [http-nio-8080-exec-4] e.vidura.akapilot.aspect.LoggingAspect   : ▶ Starting service: TodoServiceImpl.getAllTodo()
2025-08-28T17:55:35.237+05:30 DEBUG 36056 --- [back_end] [http-nio-8080-exec-4] e.vidura.akapilot.aspect.LoggingAspect   : ⏱ Finished service: TodoServiceImpl.getAllTodo() in 4 ms
2025-08-28T17:55:35.238+05:30  INFO 36056 --- [back_end] [http-nio-8080-exec-4] e.vidura.akapilot.aspect.LoggingAspect   : ✅ Exiting controller: TodoController.getTodo() with result: <200 OK OK,ApiResponse(status=200, message=Success, data=[TodosDTO(title=Finish math homework, description=Solve algebra exercises from chapter 5, dueDate=2025-09-01T18:00, completed=false, priority=HIGH, subjectId=5)]),[]>
2025-08-28T18:33:25.624+05:30  WARN 36056 --- [back_end] [HikariPool-1:housekeeper] com.zaxxer.hikari.pool.HikariPool        : HikariPool-1 - Thread starvation or clock leap detected (housekeeper delta=7m40s303ms872µs300ns).
2025-08-28T18:41:12.544+05:30 ERROR 36056 --- [back_end] [http-nio-8080-exec-6] o.a.c.c.C.[.[.[/].[dispatcherServlet]    : Servlet.service() for servlet [dispatcherServlet] in context with path [] threw exception

io.jsonwebtoken.ExpiredJwtException: JWT expired at 2025-08-28T12:15:17Z. Current time: 2025-08-28T13:11:12Z, a difference of 3355541 milliseconds.  Allowed clock skew: 0 milliseconds.
	at io.jsonwebtoken.impl.DefaultJwtParser.parse(DefaultJwtParser.java:427) ~[jjwt-impl-0.11.5.jar:0.11.5]
	at io.jsonwebtoken.impl.DefaultJwtParser.parse(DefaultJwtParser.java:529) ~[jjwt-impl-0.11.5.jar:0.11.5]
	at io.jsonwebtoken.impl.DefaultJwtParser.parseClaimsJws(DefaultJwtParser.java:589) ~[jjwt-impl-0.11.5.jar:0.11.5]
	at io.jsonwebtoken.impl.ImmutableJwtParser.parseClaimsJws(ImmutableJwtParser.java:173) ~[jjwt-impl-0.11.5.jar:0.11.5]
	at edu.vidura.akapilot.util.JwtUtil.extractUsername(JwtUtil.java:39) ~[classes/:na]
	at edu.vidura.akapilot.util.JwtAuthFilter.doFilterInternal(JwtAuthFilter.java:34) ~[classes/:na]
	at org.springframework.web.filter.OncePerRequestFilter.doFilter(OncePerRequestFilter.java:116) ~[spring-web-6.2.9.jar:6.2.9]
	at org.springframework.security.web.FilterChainProxy$VirtualFilterChain.doFilter(FilterChainProxy.java:374) ~[spring-security-web-6.5.2.jar:6.5.2]
	at org.springframework.security.web.authentication.logout.LogoutFilter.doFilter(LogoutFilter.java:107) ~[spring-security-web-6.5.2.jar:6.5.2]
	at org.springframework.security.web.authentication.logout.LogoutFilter.doFilter(LogoutFilter.java:93) ~[spring-security-web-6.5.2.jar:6.5.2]
	at org.springframework.security.web.FilterChainProxy$VirtualFilterChain.doFilter(FilterChainProxy.java:374) ~[spring-security-web-6.5.2.jar:6.5.2]
	at org.springframework.security.web.header.HeaderWriterFilter.doHeadersAfter(HeaderWriterFilter.java:90) ~[spring-security-web-6.5.2.jar:6.5.2]
	at org.springframework.security.web.header.HeaderWriterFilter.doFilterInternal(HeaderWriterFilter.java:75) ~[spring-security-web-6.5.2.jar:6.5.2]
	at org.springframework.web.filter.OncePerRequestFilter.doFilter(OncePerRequestFilter.java:116) ~[spring-web-6.2.9.jar:6.2.9]
	at org.springframework.security.web.FilterChainProxy$VirtualFilterChain.doFilter(FilterChainProxy.java:374) ~[spring-security-web-6.5.2.jar:6.5.2]
	at org.springframework.security.web.context.SecurityContextHolderFilter.doFilter(SecurityContextHolderFilter.java:82) ~[spring-security-web-6.5.2.jar:6.5.2]
	at org.springframework.security.web.context.SecurityContextHolderFilter.doFilter(SecurityContextHolderFilter.java:69) ~[spring-security-web-6.5.2.jar:6.5.2]
	at org.springframework.security.web.FilterChainProxy$VirtualFilterChain.doFilter(FilterChainProxy.java:374) ~[spring-security-web-6.5.2.jar:6.5.2]
	at org.springframework.security.web.context.request.async.WebAsyncManagerIntegrationFilter.doFilterInternal(WebAsyncManagerIntegrationFilter.java:62) ~[spring-security-web-6.5.2.jar:6.5.2]
	at org.springframework.web.filter.OncePerRequestFilter.doFilter(OncePerRequestFilter.java:116) ~[spring-web-6.2.9.jar:6.2.9]
	at org.springframework.security.web.FilterChainProxy$VirtualFilterChain.doFilter(FilterChainProxy.java:374) ~[spring-security-web-6.5.2.jar:6.5.2]
	at org.springframework.security.web.session.DisableEncodeUrlFilter.doFilterInternal(DisableEncodeUrlFilter.java:42) ~[spring-security-web-6.5.2.jar:6.5.2]
	at org.springframework.web.filter.OncePerRequestFilter.doFilter(OncePerRequestFilter.java:116) ~[spring-web-6.2.9.jar:6.2.9]
	at org.springframework.security.web.FilterChainProxy$VirtualFilterChain.doFilter(FilterChainProxy.java:374) ~[spring-security-web-6.5.2.jar:6.5.2]
	at org.springframework.security.web.FilterChainProxy.doFilterInternal(FilterChainProxy.java:233) ~[spring-security-web-6.5.2.jar:6.5.2]
	at org.springframework.security.web.FilterChainProxy.doFilter(FilterChainProxy.java:191) ~[spring-security-web-6.5.2.jar:6.5.2]
	at org.springframework.web.filter.CompositeFilter$VirtualFilterChain.doFilter(CompositeFilter.java:113) ~[spring-web-6.2.9.jar:6.2.9]
	at org.springframework.web.filter.ServletRequestPathFilter.doFilter(ServletRequestPathFilter.java:52) ~[spring-web-6.2.9.jar:6.2.9]
	at org.springframework.web.filter.CompositeFilter$VirtualFilterChain.doFilter(CompositeFilter.java:113) ~[spring-web-6.2.9.jar:6.2.9]
	at org.springframework.web.filter.CompositeFilter.doFilter(CompositeFilter.java:74) ~[spring-web-6.2.9.jar:6.2.9]
	at org.springframework.security.config.annotation.web.configuration.WebSecurityConfiguration$CompositeFilterChainProxy.doFilter(WebSecurityConfiguration.java:319) ~[spring-security-config-6.5.2.jar:6.5.2]
	at org.springframework.web.filter.CompositeFilter$VirtualFilterChain.doFilter(CompositeFilter.java:113) ~[spring-web-6.2.9.jar:6.2.9]
	at org.springframework.web.servlet.handler.HandlerMappingIntrospector.lambda$createCacheFilter$4(HandlerMappingIntrospector.java:267) ~[spring-webmvc-6.2.9.jar:6.2.9]
	at org.springframework.web.filter.CompositeFilter$VirtualFilterChain.doFilter(CompositeFilter.java:113) ~[spring-web-6.2.9.jar:6.2.9]
	at org.springframework.web.filter.CompositeFilter.doFilter(CompositeFilter.java:74) ~[spring-web-6.2.9.jar:6.2.9]
	at org.springframework.security.config.annotation.web.configuration.WebMvcSecurityConfiguration$CompositeFilterChainProxy.doFilter(WebMvcSecurityConfiguration.java:240) ~[spring-security-config-6.5.2.jar:6.5.2]
	at org.springframework.web.filter.DelegatingFilterProxy.invokeDelegate(DelegatingFilterProxy.java:362) ~[spring-web-6.2.9.jar:6.2.9]
	at org.springframework.web.filter.DelegatingFilterProxy.doFilter(DelegatingFilterProxy.java:278) ~[spring-web-6.2.9.jar:6.2.9]
	at org.apache.catalina.core.ApplicationFilterChain.internalDoFilter(ApplicationFilterChain.java:164) ~[tomcat-embed-core-10.1.43.jar:10.1.43]
	at org.apache.catalina.core.ApplicationFilterChain.doFilter(ApplicationFilterChain.java:140) ~[tomcat-embed-core-10.1.43.jar:10.1.43]
	at org.springframework.web.filter.RequestContextFilter.doFilterInternal(RequestContextFilter.java:100) ~[spring-web-6.2.9.jar:6.2.9]
	at org.springframework.web.filter.OncePerRequestFilter.doFilter(OncePerRequestFilter.java:116) ~[spring-web-6.2.9.jar:6.2.9]
	at org.apache.catalina.core.ApplicationFilterChain.internalDoFilter(ApplicationFilterChain.java:164) ~[tomcat-embed-core-10.1.43.jar:10.1.43]
	at org.apache.catalina.core.ApplicationFilterChain.doFilter(ApplicationFilterChain.java:140) ~[tomcat-embed-core-10.1.43.jar:10.1.43]
	at org.springframework.web.filter.FormContentFilter.doFilterInternal(FormContentFilter.java:93) ~[spring-web-6.2.9.jar:6.2.9]
	at org.springframework.web.filter.OncePerRequestFilter.doFilter(OncePerRequestFilter.java:116) ~[spring-web-6.2.9.jar:6.2.9]
	at org.apache.catalina.core.ApplicationFilterChain.internalDoFilter(ApplicationFilterChain.java:164) ~[tomcat-embed-core-10.1.43.jar:10.1.43]
	at org.apache.catalina.core.ApplicationFilterChain.doFilter(ApplicationFilterChain.java:140) ~[tomcat-embed-core-10.1.43.jar:10.1.43]
	at org.springframework.web.filter.CharacterEncodingFilter.doFilterInternal(CharacterEncodingFilter.java:201) ~[spring-web-6.2.9.jar:6.2.9]
	at org.springframework.web.filter.OncePerRequestFilter.doFilter(OncePerRequestFilter.java:116) ~[spring-web-6.2.9.jar:6.2.9]
	at org.apache.catalina.core.ApplicationFilterChain.internalDoFilter(ApplicationFilterChain.java:164) ~[tomcat-embed-core-10.1.43.jar:10.1.43]
	at org.apache.catalina.core.ApplicationFilterChain.doFilter(ApplicationFilterChain.java:140) ~[tomcat-embed-core-10.1.43.jar:10.1.43]
	at org.apache.catalina.core.StandardWrapperValve.invoke(StandardWrapperValve.java:167) ~[tomcat-embed-core-10.1.43.jar:10.1.43]
	at org.apache.catalina.core.StandardContextValve.invoke(StandardContextValve.java:90) ~[tomcat-embed-core-10.1.43.jar:10.1.43]
	at org.apache.catalina.authenticator.AuthenticatorBase.invoke(AuthenticatorBase.java:483) ~[tomcat-embed-core-10.1.43.jar:10.1.43]
	at org.apache.catalina.core.StandardHostValve.invoke(StandardHostValve.java:116) ~[tomcat-embed-core-10.1.43.jar:10.1.43]
	at org.apache.catalina.valves.ErrorReportValve.invoke(ErrorReportValve.java:93) ~[tomcat-embed-core-10.1.43.jar:10.1.43]
	at org.apache.catalina.core.StandardEngineValve.invoke(StandardEngineValve.java:74) ~[tomcat-embed-core-10.1.43.jar:10.1.43]
	at org.apache.catalina.connector.CoyoteAdapter.service(CoyoteAdapter.java:344) ~[tomcat-embed-core-10.1.43.jar:10.1.43]
	at org.apache.coyote.http11.Http11Processor.service(Http11Processor.java:398) ~[tomcat-embed-core-10.1.43.jar:10.1.43]
	at org.apache.coyote.AbstractProcessorLight.process(AbstractProcessorLight.java:63) ~[tomcat-embed-core-10.1.43.jar:10.1.43]
	at org.apache.coyote.AbstractProtocol$ConnectionHandler.process(AbstractProtocol.java:903) ~[tomcat-embed-core-10.1.43.jar:10.1.43]
	at org.apache.tomcat.util.net.NioEndpoint$SocketProcessor.doRun(NioEndpoint.java:1769) ~[tomcat-embed-core-10.1.43.jar:10.1.43]
	at org.apache.tomcat.util.net.SocketProcessorBase.run(SocketProcessorBase.java:52) ~[tomcat-embed-core-10.1.43.jar:10.1.43]
	at org.apache.tomcat.util.threads.ThreadPoolExecutor.runWorker(ThreadPoolExecutor.java:1189) ~[tomcat-embed-core-10.1.43.jar:10.1.43]
	at org.apache.tomcat.util.threads.ThreadPoolExecutor$Worker.run(ThreadPoolExecutor.java:658) ~[tomcat-embed-core-10.1.43.jar:10.1.43]
	at org.apache.tomcat.util.threads.TaskThread$WrappingRunnable.run(TaskThread.java:63) ~[tomcat-embed-core-10.1.43.jar:10.1.43]
	at java.base/java.lang.Thread.run(Thread.java:1583) ~[na:na]

2025-08-28T18:41:13.534+05:30 ERROR 36056 --- [back_end] [http-nio-8080-exec-7] o.a.c.c.C.[.[.[/].[dispatcherServlet]    : Servlet.service() for servlet [dispatcherServlet] in context with path [] threw exception

io.jsonwebtoken.ExpiredJwtException: JWT expired at 2025-08-28T12:15:17Z. Current time: 2025-08-28T13:11:13Z, a difference of 3356533 milliseconds.  Allowed clock skew: 0 milliseconds.
	at io.jsonwebtoken.impl.DefaultJwtParser.parse(DefaultJwtParser.java:427) ~[jjwt-impl-0.11.5.jar:0.11.5]
	at io.jsonwebtoken.impl.DefaultJwtParser.parse(DefaultJwtParser.java:529) ~[jjwt-impl-0.11.5.jar:0.11.5]
	at io.jsonwebtoken.impl.DefaultJwtParser.parseClaimsJws(DefaultJwtParser.java:589) ~[jjwt-impl-0.11.5.jar:0.11.5]
	at io.jsonwebtoken.impl.ImmutableJwtParser.parseClaimsJws(ImmutableJwtParser.java:173) ~[jjwt-impl-0.11.5.jar:0.11.5]
	at edu.vidura.akapilot.util.JwtUtil.extractUsername(JwtUtil.java:39) ~[classes/:na]
	at edu.vidura.akapilot.util.JwtAuthFilter.doFilterInternal(JwtAuthFilter.java:34) ~[classes/:na]
	at org.springframework.web.filter.OncePerRequestFilter.doFilter(OncePerRequestFilter.java:116) ~[spring-web-6.2.9.jar:6.2.9]
	at org.springframework.security.web.FilterChainProxy$VirtualFilterChain.doFilter(FilterChainProxy.java:374) ~[spring-security-web-6.5.2.jar:6.5.2]
	at org.springframework.security.web.authentication.logout.LogoutFilter.doFilter(LogoutFilter.java:107) ~[spring-security-web-6.5.2.jar:6.5.2]
	at org.springframework.security.web.authentication.logout.LogoutFilter.doFilter(LogoutFilter.java:93) ~[spring-security-web-6.5.2.jar:6.5.2]
	at org.springframework.security.web.FilterChainProxy$VirtualFilterChain.doFilter(FilterChainProxy.java:374) ~[spring-security-web-6.5.2.jar:6.5.2]
	at org.springframework.security.web.header.HeaderWriterFilter.doHeadersAfter(HeaderWriterFilter.java:90) ~[spring-security-web-6.5.2.jar:6.5.2]
	at org.springframework.security.web.header.HeaderWriterFilter.doFilterInternal(HeaderWriterFilter.java:75) ~[spring-security-web-6.5.2.jar:6.5.2]
	at org.springframework.web.filter.OncePerRequestFilter.doFilter(OncePerRequestFilter.java:116) ~[spring-web-6.2.9.jar:6.2.9]
	at org.springframework.security.web.FilterChainProxy$VirtualFilterChain.doFilter(FilterChainProxy.java:374) ~[spring-security-web-6.5.2.jar:6.5.2]
	at org.springframework.security.web.context.SecurityContextHolderFilter.doFilter(SecurityContextHolderFilter.java:82) ~[spring-security-web-6.5.2.jar:6.5.2]
	at org.springframework.security.web.context.SecurityContextHolderFilter.doFilter(SecurityContextHolderFilter.java:69) ~[spring-security-web-6.5.2.jar:6.5.2]
	at org.springframework.security.web.FilterChainProxy$VirtualFilterChain.doFilter(FilterChainProxy.java:374) ~[spring-security-web-6.5.2.jar:6.5.2]
	at org.springframework.security.web.context.request.async.WebAsyncManagerIntegrationFilter.doFilterInternal(WebAsyncManagerIntegrationFilter.java:62) ~[spring-security-web-6.5.2.jar:6.5.2]
	at org.springframework.web.filter.OncePerRequestFilter.doFilter(OncePerRequestFilter.java:116) ~[spring-web-6.2.9.jar:6.2.9]
	at org.springframework.security.web.FilterChainProxy$VirtualFilterChain.doFilter(FilterChainProxy.java:374) ~[spring-security-web-6.5.2.jar:6.5.2]
	at org.springframework.security.web.session.DisableEncodeUrlFilter.doFilterInternal(DisableEncodeUrlFilter.java:42) ~[spring-security-web-6.5.2.jar:6.5.2]
	at org.springframework.web.filter.OncePerRequestFilter.doFilter(OncePerRequestFilter.java:116) ~[spring-web-6.2.9.jar:6.2.9]
	at org.springframework.security.web.FilterChainProxy$VirtualFilterChain.doFilter(FilterChainProxy.java:374) ~[spring-security-web-6.5.2.jar:6.5.2]
	at org.springframework.security.web.FilterChainProxy.doFilterInternal(FilterChainProxy.java:233) ~[spring-security-web-6.5.2.jar:6.5.2]
	at org.springframework.security.web.FilterChainProxy.doFilter(FilterChainProxy.java:191) ~[spring-security-web-6.5.2.jar:6.5.2]
	at org.springframework.web.filter.CompositeFilter$VirtualFilterChain.doFilter(CompositeFilter.java:113) ~[spring-web-6.2.9.jar:6.2.9]
	at org.springframework.web.filter.ServletRequestPathFilter.doFilter(ServletRequestPathFilter.java:52) ~[spring-web-6.2.9.jar:6.2.9]
	at org.springframework.web.filter.CompositeFilter$VirtualFilterChain.doFilter(CompositeFilter.java:113) ~[spring-web-6.2.9.jar:6.2.9]
	at org.springframework.web.filter.CompositeFilter.doFilter(CompositeFilter.java:74) ~[spring-web-6.2.9.jar:6.2.9]
	at org.springframework.security.config.annotation.web.configuration.WebSecurityConfiguration$CompositeFilterChainProxy.doFilter(WebSecurityConfiguration.java:319) ~[spring-security-config-6.5.2.jar:6.5.2]
	at org.springframework.web.filter.CompositeFilter$VirtualFilterChain.doFilter(CompositeFilter.java:113) ~[spring-web-6.2.9.jar:6.2.9]
	at org.springframework.web.servlet.handler.HandlerMappingIntrospector.lambda$createCacheFilter$4(HandlerMappingIntrospector.java:267) ~[spring-webmvc-6.2.9.jar:6.2.9]
	at org.springframework.web.filter.CompositeFilter$VirtualFilterChain.doFilter(CompositeFilter.java:113) ~[spring-web-6.2.9.jar:6.2.9]
	at org.springframework.web.filter.CompositeFilter.doFilter(CompositeFilter.java:74) ~[spring-web-6.2.9.jar:6.2.9]
	at org.springframework.security.config.annotation.web.configuration.WebMvcSecurityConfiguration$CompositeFilterChainProxy.doFilter(WebMvcSecurityConfiguration.java:240) ~[spring-security-config-6.5.2.jar:6.5.2]
	at org.springframework.web.filter.DelegatingFilterProxy.invokeDelegate(DelegatingFilterProxy.java:362) ~[spring-web-6.2.9.jar:6.2.9]
	at org.springframework.web.filter.DelegatingFilterProxy.doFilter(DelegatingFilterProxy.java:278) ~[spring-web-6.2.9.jar:6.2.9]
	at org.apache.catalina.core.ApplicationFilterChain.internalDoFilter(ApplicationFilterChain.java:164) ~[tomcat-embed-core-10.1.43.jar:10.1.43]
	at org.apache.catalina.core.ApplicationFilterChain.doFilter(ApplicationFilterChain.java:140) ~[tomcat-embed-core-10.1.43.jar:10.1.43]
	at org.springframework.web.filter.RequestContextFilter.doFilterInternal(RequestContextFilter.java:100) ~[spring-web-6.2.9.jar:6.2.9]
	at org.springframework.web.filter.OncePerRequestFilter.doFilter(OncePerRequestFilter.java:116) ~[spring-web-6.2.9.jar:6.2.9]
	at org.apache.catalina.core.ApplicationFilterChain.internalDoFilter(ApplicationFilterChain.java:164) ~[tomcat-embed-core-10.1.43.jar:10.1.43]
	at org.apache.catalina.core.ApplicationFilterChain.doFilter(ApplicationFilterChain.java:140) ~[tomcat-embed-core-10.1.43.jar:10.1.43]
	at org.springframework.web.filter.FormContentFilter.doFilterInternal(FormContentFilter.java:93) ~[spring-web-6.2.9.jar:6.2.9]
	at org.springframework.web.filter.OncePerRequestFilter.doFilter(OncePerRequestFilter.java:116) ~[spring-web-6.2.9.jar:6.2.9]
	at org.apache.catalina.core.ApplicationFilterChain.internalDoFilter(ApplicationFilterChain.java:164) ~[tomcat-embed-core-10.1.43.jar:10.1.43]
	at org.apache.catalina.core.ApplicationFilterChain.doFilter(ApplicationFilterChain.java:140) ~[tomcat-embed-core-10.1.43.jar:10.1.43]
	at org.springframework.web.filter.CharacterEncodingFilter.doFilterInternal(CharacterEncodingFilter.java:201) ~[spring-web-6.2.9.jar:6.2.9]
	at org.springframework.web.filter.OncePerRequestFilter.doFilter(OncePerRequestFilter.java:116) ~[spring-web-6.2.9.jar:6.2.9]
	at org.apache.catalina.core.ApplicationFilterChain.internalDoFilter(ApplicationFilterChain.java:164) ~[tomcat-embed-core-10.1.43.jar:10.1.43]
	at org.apache.catalina.core.ApplicationFilterChain.doFilter(ApplicationFilterChain.java:140) ~[tomcat-embed-core-10.1.43.jar:10.1.43]
	at org.apache.catalina.core.StandardWrapperValve.invoke(StandardWrapperValve.java:167) ~[tomcat-embed-core-10.1.43.jar:10.1.43]
	at org.apache.catalina.core.StandardContextValve.invoke(StandardContextValve.java:90) ~[tomcat-embed-core-10.1.43.jar:10.1.43]
	at org.apache.catalina.authenticator.AuthenticatorBase.invoke(AuthenticatorBase.java:483) ~[tomcat-embed-core-10.1.43.jar:10.1.43]
	at org.apache.catalina.core.StandardHostValve.invoke(StandardHostValve.java:116) ~[tomcat-embed-core-10.1.43.jar:10.1.43]
	at org.apache.catalina.valves.ErrorReportValve.invoke(ErrorReportValve.java:93) ~[tomcat-embed-core-10.1.43.jar:10.1.43]
	at org.apache.catalina.core.StandardEngineValve.invoke(StandardEngineValve.java:74) ~[tomcat-embed-core-10.1.43.jar:10.1.43]
	at org.apache.catalina.connector.CoyoteAdapter.service(CoyoteAdapter.java:344) ~[tomcat-embed-core-10.1.43.jar:10.1.43]
	at org.apache.coyote.http11.Http11Processor.service(Http11Processor.java:398) ~[tomcat-embed-core-10.1.43.jar:10.1.43]
	at org.apache.coyote.AbstractProcessorLight.process(AbstractProcessorLight.java:63) ~[tomcat-embed-core-10.1.43.jar:10.1.43]
	at org.apache.coyote.AbstractProtocol$ConnectionHandler.process(AbstractProtocol.java:903) ~[tomcat-embed-core-10.1.43.jar:10.1.43]
	at org.apache.tomcat.util.net.NioEndpoint$SocketProcessor.doRun(NioEndpoint.java:1769) ~[tomcat-embed-core-10.1.43.jar:10.1.43]
	at org.apache.tomcat.util.net.SocketProcessorBase.run(SocketProcessorBase.java:52) ~[tomcat-embed-core-10.1.43.jar:10.1.43]
	at org.apache.tomcat.util.threads.ThreadPoolExecutor.runWorker(ThreadPoolExecutor.java:1189) ~[tomcat-embed-core-10.1.43.jar:10.1.43]
	at org.apache.tomcat.util.threads.ThreadPoolExecutor$Worker.run(ThreadPoolExecutor.java:658) ~[tomcat-embed-core-10.1.43.jar:10.1.43]
	at org.apache.tomcat.util.threads.TaskThread$WrappingRunnable.run(TaskThread.java:63) ~[tomcat-embed-core-10.1.43.jar:10.1.43]
	at java.base/java.lang.Thread.run(Thread.java:1583) ~[na:na]

2025-08-28T18:41:45.680+05:30 ERROR 36056 --- [back_end] [http-nio-8080-exec-8] o.a.c.c.C.[.[.[/].[dispatcherServlet]    : Servlet.service() for servlet [dispatcherServlet] in context with path [] threw exception

io.jsonwebtoken.ExpiredJwtException: JWT expired at 2025-08-28T12:15:17Z. Current time: 2025-08-28T13:11:45Z, a difference of 3388680 milliseconds.  Allowed clock skew: 0 milliseconds.
	at io.jsonwebtoken.impl.DefaultJwtParser.parse(DefaultJwtParser.java:427) ~[jjwt-impl-0.11.5.jar:0.11.5]
	at io.jsonwebtoken.impl.DefaultJwtParser.parse(DefaultJwtParser.java:529) ~[jjwt-impl-0.11.5.jar:0.11.5]
	at io.jsonwebtoken.impl.DefaultJwtParser.parseClaimsJws(DefaultJwtParser.java:589) ~[jjwt-impl-0.11.5.jar:0.11.5]
	at io.jsonwebtoken.impl.ImmutableJwtParser.parseClaimsJws(ImmutableJwtParser.java:173) ~[jjwt-impl-0.11.5.jar:0.11.5]
	at edu.vidura.akapilot.util.JwtUtil.extractUsername(JwtUtil.java:39) ~[classes/:na]
	at edu.vidura.akapilot.util.JwtAuthFilter.doFilterInternal(JwtAuthFilter.java:34) ~[classes/:na]
	at org.springframework.web.filter.OncePerRequestFilter.doFilter(OncePerRequestFilter.java:116) ~[spring-web-6.2.9.jar:6.2.9]
	at org.springframework.security.web.FilterChainProxy$VirtualFilterChain.doFilter(FilterChainProxy.java:374) ~[spring-security-web-6.5.2.jar:6.5.2]
	at org.springframework.security.web.authentication.logout.LogoutFilter.doFilter(LogoutFilter.java:107) ~[spring-security-web-6.5.2.jar:6.5.2]
	at org.springframework.security.web.authentication.logout.LogoutFilter.doFilter(LogoutFilter.java:93) ~[spring-security-web-6.5.2.jar:6.5.2]
	at org.springframework.security.web.FilterChainProxy$VirtualFilterChain.doFilter(FilterChainProxy.java:374) ~[spring-security-web-6.5.2.jar:6.5.2]
	at org.springframework.security.web.header.HeaderWriterFilter.doHeadersAfter(HeaderWriterFilter.java:90) ~[spring-security-web-6.5.2.jar:6.5.2]
	at org.springframework.security.web.header.HeaderWriterFilter.doFilterInternal(HeaderWriterFilter.java:75) ~[spring-security-web-6.5.2.jar:6.5.2]
	at org.springframework.web.filter.OncePerRequestFilter.doFilter(OncePerRequestFilter.java:116) ~[spring-web-6.2.9.jar:6.2.9]
	at org.springframework.security.web.FilterChainProxy$VirtualFilterChain.doFilter(FilterChainProxy.java:374) ~[spring-security-web-6.5.2.jar:6.5.2]
	at org.springframework.security.web.context.SecurityContextHolderFilter.doFilter(SecurityContextHolderFilter.java:82) ~[spring-security-web-6.5.2.jar:6.5.2]
	at org.springframework.security.web.context.SecurityContextHolderFilter.doFilter(SecurityContextHolderFilter.java:69) ~[spring-security-web-6.5.2.jar:6.5.2]
	at org.springframework.security.web.FilterChainProxy$VirtualFilterChain.doFilter(FilterChainProxy.java:374) ~[spring-security-web-6.5.2.jar:6.5.2]
	at org.springframework.security.web.context.request.async.WebAsyncManagerIntegrationFilter.doFilterInternal(WebAsyncManagerIntegrationFilter.java:62) ~[spring-security-web-6.5.2.jar:6.5.2]
	at org.springframework.web.filter.OncePerRequestFilter.doFilter(OncePerRequestFilter.java:116) ~[spring-web-6.2.9.jar:6.2.9]
	at org.springframework.security.web.FilterChainProxy$VirtualFilterChain.doFilter(FilterChainProxy.java:374) ~[spring-security-web-6.5.2.jar:6.5.2]
	at org.springframework.security.web.session.DisableEncodeUrlFilter.doFilterInternal(DisableEncodeUrlFilter.java:42) ~[spring-security-web-6.5.2.jar:6.5.2]
	at org.springframework.web.filter.OncePerRequestFilter.doFilter(OncePerRequestFilter.java:116) ~[spring-web-6.2.9.jar:6.2.9]
	at org.springframework.security.web.FilterChainProxy$VirtualFilterChain.doFilter(FilterChainProxy.java:374) ~[spring-security-web-6.5.2.jar:6.5.2]
	at org.springframework.security.web.FilterChainProxy.doFilterInternal(FilterChainProxy.java:233) ~[spring-security-web-6.5.2.jar:6.5.2]
	at org.springframework.security.web.FilterChainProxy.doFilter(FilterChainProxy.java:191) ~[spring-security-web-6.5.2.jar:6.5.2]
	at org.springframework.web.filter.CompositeFilter$VirtualFilterChain.doFilter(CompositeFilter.java:113) ~[spring-web-6.2.9.jar:6.2.9]
	at org.springframework.web.filter.ServletRequestPathFilter.doFilter(ServletRequestPathFilter.java:52) ~[spring-web-6.2.9.jar:6.2.9]
	at org.springframework.web.filter.CompositeFilter$VirtualFilterChain.doFilter(CompositeFilter.java:113) ~[spring-web-6.2.9.jar:6.2.9]
	at org.springframework.web.filter.CompositeFilter.doFilter(CompositeFilter.java:74) ~[spring-web-6.2.9.jar:6.2.9]
	at org.springframework.security.config.annotation.web.configuration.WebSecurityConfiguration$CompositeFilterChainProxy.doFilter(WebSecurityConfiguration.java:319) ~[spring-security-config-6.5.2.jar:6.5.2]
	at org.springframework.web.filter.CompositeFilter$VirtualFilterChain.doFilter(CompositeFilter.java:113) ~[spring-web-6.2.9.jar:6.2.9]
	at org.springframework.web.servlet.handler.HandlerMappingIntrospector.lambda$createCacheFilter$4(HandlerMappingIntrospector.java:267) ~[spring-webmvc-6.2.9.jar:6.2.9]
	at org.springframework.web.filter.CompositeFilter$VirtualFilterChain.doFilter(CompositeFilter.java:113) ~[spring-web-6.2.9.jar:6.2.9]
	at org.springframework.web.filter.CompositeFilter.doFilter(CompositeFilter.java:74) ~[spring-web-6.2.9.jar:6.2.9]
	at org.springframework.security.config.annotation.web.configuration.WebMvcSecurityConfiguration$CompositeFilterChainProxy.doFilter(WebMvcSecurityConfiguration.java:240) ~[spring-security-config-6.5.2.jar:6.5.2]
	at org.springframework.web.filter.DelegatingFilterProxy.invokeDelegate(DelegatingFilterProxy.java:362) ~[spring-web-6.2.9.jar:6.2.9]
	at org.springframework.web.filter.DelegatingFilterProxy.doFilter(DelegatingFilterProxy.java:278) ~[spring-web-6.2.9.jar:6.2.9]
	at org.apache.catalina.core.ApplicationFilterChain.internalDoFilter(ApplicationFilterChain.java:164) ~[tomcat-embed-core-10.1.43.jar:10.1.43]
	at org.apache.catalina.core.ApplicationFilterChain.doFilter(ApplicationFilterChain.java:140) ~[tomcat-embed-core-10.1.43.jar:10.1.43]
	at org.springframework.web.filter.RequestContextFilter.doFilterInternal(RequestContextFilter.java:100) ~[spring-web-6.2.9.jar:6.2.9]
	at org.springframework.web.filter.OncePerRequestFilter.doFilter(OncePerRequestFilter.java:116) ~[spring-web-6.2.9.jar:6.2.9]
	at org.apache.catalina.core.ApplicationFilterChain.internalDoFilter(ApplicationFilterChain.java:164) ~[tomcat-embed-core-10.1.43.jar:10.1.43]
	at org.apache.catalina.core.ApplicationFilterChain.doFilter(ApplicationFilterChain.java:140) ~[tomcat-embed-core-10.1.43.jar:10.1.43]
	at org.springframework.web.filter.FormContentFilter.doFilterInternal(FormContentFilter.java:93) ~[spring-web-6.2.9.jar:6.2.9]
	at org.springframework.web.filter.OncePerRequestFilter.doFilter(OncePerRequestFilter.java:116) ~[spring-web-6.2.9.jar:6.2.9]
	at org.apache.catalina.core.ApplicationFilterChain.internalDoFilter(ApplicationFilterChain.java:164) ~[tomcat-embed-core-10.1.43.jar:10.1.43]
	at org.apache.catalina.core.ApplicationFilterChain.doFilter(ApplicationFilterChain.java:140) ~[tomcat-embed-core-10.1.43.jar:10.1.43]
	at org.springframework.web.filter.CharacterEncodingFilter.doFilterInternal(CharacterEncodingFilter.java:201) ~[spring-web-6.2.9.jar:6.2.9]
	at org.springframework.web.filter.OncePerRequestFilter.doFilter(OncePerRequestFilter.java:116) ~[spring-web-6.2.9.jar:6.2.9]
	at org.apache.catalina.core.ApplicationFilterChain.internalDoFilter(ApplicationFilterChain.java:164) ~[tomcat-embed-core-10.1.43.jar:10.1.43]
	at org.apache.catalina.core.ApplicationFilterChain.doFilter(ApplicationFilterChain.java:140) ~[tomcat-embed-core-10.1.43.jar:10.1.43]
	at org.apache.catalina.core.StandardWrapperValve.invoke(StandardWrapperValve.java:167) ~[tomcat-embed-core-10.1.43.jar:10.1.43]
	at org.apache.catalina.core.StandardContextValve.invoke(StandardContextValve.java:90) ~[tomcat-embed-core-10.1.43.jar:10.1.43]
	at org.apache.catalina.authenticator.AuthenticatorBase.invoke(AuthenticatorBase.java:483) ~[tomcat-embed-core-10.1.43.jar:10.1.43]
	at org.apache.catalina.core.StandardHostValve.invoke(StandardHostValve.java:116) ~[tomcat-embed-core-10.1.43.jar:10.1.43]
	at org.apache.catalina.valves.ErrorReportValve.invoke(ErrorReportValve.java:93) ~[tomcat-embed-core-10.1.43.jar:10.1.43]
	at org.apache.catalina.core.StandardEngineValve.invoke(StandardEngineValve.java:74) ~[tomcat-embed-core-10.1.43.jar:10.1.43]
	at org.apache.catalina.connector.CoyoteAdapter.service(CoyoteAdapter.java:344) ~[tomcat-embed-core-10.1.43.jar:10.1.43]
	at org.apache.coyote.http11.Http11Processor.service(Http11Processor.java:398) ~[tomcat-embed-core-10.1.43.jar:10.1.43]
	at org.apache.coyote.AbstractProcessorLight.process(AbstractProcessorLight.java:63) ~[tomcat-embed-core-10.1.43.jar:10.1.43]
	at org.apache.coyote.AbstractProtocol$ConnectionHandler.process(AbstractProtocol.java:903) ~[tomcat-embed-core-10.1.43.jar:10.1.43]
	at org.apache.tomcat.util.net.NioEndpoint$SocketProcessor.doRun(NioEndpoint.java:1769) ~[tomcat-embed-core-10.1.43.jar:10.1.43]
	at org.apache.tomcat.util.net.SocketProcessorBase.run(SocketProcessorBase.java:52) ~[tomcat-embed-core-10.1.43.jar:10.1.43]
	at org.apache.tomcat.util.threads.ThreadPoolExecutor.runWorker(ThreadPoolExecutor.java:1189) ~[tomcat-embed-core-10.1.43.jar:10.1.43]
	at org.apache.tomcat.util.threads.ThreadPoolExecutor$Worker.run(ThreadPoolExecutor.java:658) ~[tomcat-embed-core-10.1.43.jar:10.1.43]
	at org.apache.tomcat.util.threads.TaskThread$WrappingRunnable.run(TaskThread.java:63) ~[tomcat-embed-core-10.1.43.jar:10.1.43]
	at java.base/java.lang.Thread.run(Thread.java:1583) ~[na:na]

2025-08-28T18:41:49.294+05:30  INFO 36056 --- [back_end] [http-nio-8080-exec-10] e.vidura.akapilot.aspect.LoggingAspect   : ➡ Entering controller: AuthController.login(..) with arguments: [AuthDTO(username=SubjectOne, password=viduraaa)]
2025-08-28T18:41:49.295+05:30 DEBUG 36056 --- [back_end] [http-nio-8080-exec-10] e.vidura.akapilot.aspect.LoggingAspect   : ▶ Starting service: AuthServiceImpl.authenticate(..)
2025-08-28T18:41:49.387+05:30 DEBUG 36056 --- [back_end] [http-nio-8080-exec-10] e.vidura.akapilot.aspect.LoggingAspect   : ⏱ Finished service: AuthServiceImpl.authenticate(..) in 92 ms
2025-08-28T18:41:49.387+05:30  INFO 36056 --- [back_end] [http-nio-8080-exec-10] e.vidura.akapilot.aspect.LoggingAspect   : ✅ Exiting controller: AuthController.login(..) with result: <200 OK OK,ApiResponse(status=200, message=OK, data=AuthResponseDTO(accessToken=eyJhbGciOiJIUzI1NiJ9.eyJzdWIiOiJTdWJqZWN0T25lIiwiaWF0IjoxNzU2Mzg2NzA5LCJleHAiOjE3NTYzOTAzMDl9.vOm9mnb1qsa2bBf4Z-R-IT4anxB0ztB7_qYSByFcJPs)),[]>
2025-08-28T18:42:06.767+05:30  INFO 36056 --- [back_end] [http-nio-8080-exec-9] e.vidura.akapilot.aspect.LoggingAspect   : ➡ Entering controller: TodoController.saveTodo(..) with arguments: [TodosDTO(title=Finish math , description=Solve algebra exercises from chapter 5, dueDate=2025-09-01T18:00, completed=false, priority=HIGH, subjectId=5)]
2025-08-28T18:42:06.767+05:30 DEBUG 36056 --- [back_end] [http-nio-8080-exec-9] e.vidura.akapilot.aspect.LoggingAspect   : ▶ Starting service: TodoServiceImpl.saveTodo(..)
2025-08-28T18:42:06.848+05:30 DEBUG 36056 --- [back_end] [http-nio-8080-exec-9] e.vidura.akapilot.aspect.LoggingAspect   : ⏱ Finished service: TodoServiceImpl.saveTodo(..) in 81 ms
2025-08-28T18:42:06.848+05:30  INFO 36056 --- [back_end] [http-nio-8080-exec-9] e.vidura.akapilot.aspect.LoggingAspect   : ✅ Exiting controller: TodoController.saveTodo(..) with result: <200 OK OK,ApiResponse(status=200, message=Subject saved successfully, data=TodosDTO(title=Finish math , description=Solve algebra exercises from chapter 5, dueDate=2025-09-01T18:00, completed=false, priority=HIGH, subjectId=5)),[]>
2025-08-28T18:42:08.471+05:30  INFO 36056 --- [back_end] [http-nio-8080-exec-1] e.vidura.akapilot.aspect.LoggingAspect   : ➡ Entering controller: TodoController.saveTodo(..) with arguments: [TodosDTO(title=Finish math , description=Solve algebra exercises from chapter 5, dueDate=2025-09-01T18:00, completed=false, priority=HIGH, subjectId=5)]
2025-08-28T18:42:08.471+05:30 DEBUG 36056 --- [back_end] [http-nio-8080-exec-1] e.vidura.akapilot.aspect.LoggingAspect   : ▶ Starting service: TodoServiceImpl.saveTodo(..)
2025-08-28T18:42:08.487+05:30 DEBUG 36056 --- [back_end] [http-nio-8080-exec-1] e.vidura.akapilot.aspect.LoggingAspect   : ⏱ Finished service: TodoServiceImpl.saveTodo(..) in 16 ms
2025-08-28T18:42:08.488+05:30  INFO 36056 --- [back_end] [http-nio-8080-exec-1] e.vidura.akapilot.aspect.LoggingAspect   : ✅ Exiting controller: TodoController.saveTodo(..) with result: <200 OK OK,ApiResponse(status=200, message=Subject saved successfully, data=TodosDTO(title=Finish math , description=Solve algebra exercises from chapter 5, dueDate=2025-09-01T18:00, completed=false, priority=HIGH, subjectId=5)),[]>
2025-08-28T18:42:11.620+05:30  INFO 36056 --- [back_end] [http-nio-8080-exec-2] e.vidura.akapilot.aspect.LoggingAspect   : ➡ Entering controller: TodoController.getTodo() with arguments: []
2025-08-28T18:42:11.620+05:30 DEBUG 36056 --- [back_end] [http-nio-8080-exec-2] e.vidura.akapilot.aspect.LoggingAspect   : ▶ Starting service: TodoServiceImpl.getAllTodo()
2025-08-28T18:42:11.631+05:30 DEBUG 36056 --- [back_end] [http-nio-8080-exec-2] e.vidura.akapilot.aspect.LoggingAspect   : ⏱ Finished service: TodoServiceImpl.getAllTodo() in 11 ms
2025-08-28T18:42:11.632+05:30 DEBUG 36056 --- [back_end] [http-nio-8080-exec-2] e.vidura.akapilot.aspect.LoggingAspect   : ▶ Starting service: TodoServiceImpl.getAllTodo()
2025-08-28T18:42:11.637+05:30 DEBUG 36056 --- [back_end] [http-nio-8080-exec-2] e.vidura.akapilot.aspect.LoggingAspect   : ⏱ Finished service: TodoServiceImpl.getAllTodo() in 5 ms
2025-08-28T18:42:11.637+05:30  INFO 36056 --- [back_end] [http-nio-8080-exec-2] e.vidura.akapilot.aspect.LoggingAspect   : ✅ Exiting controller: TodoController.getTodo() with result: <200 OK OK,ApiResponse(status=200, message=Success, data=[TodosDTO(title=Finish math homework, description=Solve algebra exercises from chapter 5, dueDate=2025-09-01T18:00, completed=false, priority=HIGH, subjectId=5), TodosDTO(title=Finish math , description=Solve algebra exercises from chapter 5, dueDate=2025-09-01T18:00, completed=false, priority=HIGH, subjectId=5), TodosDTO(title=Finish math , description=Solve algebra exercises from chapter 5, dueDate=2025-09-01T18:00, completed=false, priority=HIGH, subjectId=5)]),[]>
2025-08-28T19:14:04.978+05:30  INFO 36056 --- [back_end] [SpringApplicationShutdownHook] o.s.b.w.e.tomcat.GracefulShutdown        : Commencing graceful shutdown. Waiting for active requests to complete
2025-08-28T19:14:04.986+05:30  INFO 36056 --- [back_end] [tomcat-shutdown] o.s.b.w.e.tomcat.GracefulShutdown        : Graceful shutdown complete
2025-08-28T19:14:04.998+05:30  INFO 36056 --- [back_end] [SpringApplicationShutdownHook] j.LocalContainerEntityManagerFactoryBean : Closing JPA EntityManagerFactory for persistence unit 'default'
2025-08-28T19:14:05.004+05:30  INFO 36056 --- [back_end] [SpringApplicationShutdownHook] com.zaxxer.hikari.HikariDataSource       : HikariPool-1 - Shutdown initiated...
2025-08-28T19:14:05.010+05:30  INFO 36056 --- [back_end] [SpringApplicationShutdownHook] com.zaxxer.hikari.HikariDataSource       : HikariPool-1 - Shutdown completed.
