2025-09-08T01:42:51.650+05:30  WARN 32556 --- [back_end] [HikariPool-1:housekeeper] com.zaxxer.hikari.pool.HikariPool        : HikariPool-1 - Thread starvation or clock leap detected (housekeeper delta=3h9s74ms63µs).
2025-09-08T09:04:59.622+05:30  WARN 32556 --- [back_end] [HikariPool-1:housekeeper] com.zaxxer.hikari.pool.HikariPool        : HikariPool-1 - Thread starvation or clock leap detected (housekeeper delta=7h22m19s856ms247µs).
2025-09-08T09:24:35.922+05:30  INFO 32556 --- [back_end] [http-nio-8080-exec-2] e.vidura.akapilot.aspect.LoggingAspect   : ➡ Entering controller: AuthController.login(..) with arguments: [AuthDTO(username=vidura, password=viduraaa)]
2025-09-08T09:24:35.925+05:30 DEBUG 32556 --- [back_end] [http-nio-8080-exec-2] e.vidura.akapilot.aspect.LoggingAspect   : ▶ Starting service: AuthServiceImpl.authenticate(..)
2025-09-08T09:24:36.121+05:30 DEBUG 32556 --- [back_end] [http-nio-8080-exec-2] e.vidura.akapilot.aspect.LoggingAspect   : ⏱ Finished service: AuthServiceImpl.authenticate(..) in 196 ms
2025-09-08T09:24:36.123+05:30  INFO 32556 --- [back_end] [http-nio-8080-exec-2] e.vidura.akapilot.aspect.LoggingAspect   : ✅ Exiting controller: AuthController.login(..) with result: <200 OK OK,ApiResponse(status=200, message=OK, data=AuthResponseDTO(accessToken=eyJhbGciOiJIUzI1NiJ9.eyJzdWIiOiJ2aWR1cmEiLCJpYXQiOjE3NTczMDM2NzYsImV4cCI6MTc1NzMwNzI3Nn0.123-YNLXKRuU5eK5PS7FXs0lbq1rLDp9VPXuy-OqfuQ)),[]>
2025-09-08T09:24:37.202+05:30  INFO 32556 --- [back_end] [http-nio-8080-exec-9] e.vidura.akapilot.aspect.LoggingAspect   : ➡ Entering controller: SubjectController.getSubject() with arguments: []
2025-09-08T09:24:37.202+05:30 DEBUG 32556 --- [back_end] [http-nio-8080-exec-9] e.vidura.akapilot.aspect.LoggingAspect   : ▶ Starting service: SubjectServiceImpl.getAllSubjects()
2025-09-08T09:24:37.215+05:30 DEBUG 32556 --- [back_end] [http-nio-8080-exec-9] e.vidura.akapilot.aspect.LoggingAspect   : ⏱ Finished service: SubjectServiceImpl.getAllSubjects() in 13 ms
2025-09-08T09:24:37.215+05:30  INFO 32556 --- [back_end] [http-nio-8080-exec-9] e.vidura.akapilot.aspect.LoggingAspect   : ✅ Exiting controller: SubjectController.getSubject() with result: <200 OK OK,ApiResponse(status=200, message=Success, data=[]),[]>
2025-09-08T09:24:37.231+05:30  INFO 32556 --- [back_end] [http-nio-8080-exec-7] e.vidura.akapilot.aspect.LoggingAspect   : ➡ Entering controller: SubjectController.getSubject() with arguments: []
2025-09-08T09:24:37.231+05:30 DEBUG 32556 --- [back_end] [http-nio-8080-exec-7] e.vidura.akapilot.aspect.LoggingAspect   : ▶ Starting service: SubjectServiceImpl.getAllSubjects()
2025-09-08T09:24:37.236+05:30 DEBUG 32556 --- [back_end] [http-nio-8080-exec-7] e.vidura.akapilot.aspect.LoggingAspect   : ⏱ Finished service: SubjectServiceImpl.getAllSubjects() in 5 ms
2025-09-08T09:24:37.237+05:30  INFO 32556 --- [back_end] [http-nio-8080-exec-7] e.vidura.akapilot.aspect.LoggingAspect   : ✅ Exiting controller: SubjectController.getSubject() with result: <200 OK OK,ApiResponse(status=200, message=Success, data=[]),[]>
2025-09-08T09:24:48.401+05:30  INFO 32556 --- [back_end] [http-nio-8080-exec-1] e.vidura.akapilot.aspect.LoggingAspect   : ➡ Entering controller: SubjectController.getSubject() with arguments: []
2025-09-08T09:24:48.401+05:30 DEBUG 32556 --- [back_end] [http-nio-8080-exec-1] e.vidura.akapilot.aspect.LoggingAspect   : ▶ Starting service: SubjectServiceImpl.getAllSubjects()
2025-09-08T09:24:48.412+05:30 DEBUG 32556 --- [back_end] [http-nio-8080-exec-1] e.vidura.akapilot.aspect.LoggingAspect   : ⏱ Finished service: SubjectServiceImpl.getAllSubjects() in 11 ms
2025-09-08T09:24:48.412+05:30  INFO 32556 --- [back_end] [http-nio-8080-exec-1] e.vidura.akapilot.aspect.LoggingAspect   : ✅ Exiting controller: SubjectController.getSubject() with result: <200 OK OK,ApiResponse(status=200, message=Success, data=[]),[]>
2025-09-08T09:24:48.430+05:30  INFO 32556 --- [back_end] [http-nio-8080-exec-5] e.vidura.akapilot.aspect.LoggingAspect   : ➡ Entering controller: SubjectController.getSubject() with arguments: []
2025-09-08T09:24:48.430+05:30 DEBUG 32556 --- [back_end] [http-nio-8080-exec-5] e.vidura.akapilot.aspect.LoggingAspect   : ▶ Starting service: SubjectServiceImpl.getAllSubjects()
2025-09-08T09:24:48.438+05:30 DEBUG 32556 --- [back_end] [http-nio-8080-exec-5] e.vidura.akapilot.aspect.LoggingAspect   : ⏱ Finished service: SubjectServiceImpl.getAllSubjects() in 8 ms
2025-09-08T09:24:48.438+05:30  INFO 32556 --- [back_end] [http-nio-8080-exec-5] e.vidura.akapilot.aspect.LoggingAspect   : ✅ Exiting controller: SubjectController.getSubject() with result: <200 OK OK,ApiResponse(status=200, message=Success, data=[]),[]>
2025-09-08T09:24:54.607+05:30  INFO 32556 --- [back_end] [http-nio-8080-exec-2] e.vidura.akapilot.aspect.LoggingAspect   : ➡ Entering controller: AuthController.login(..) with arguments: [AuthDTO(username=SubjectOne, password=viduraaa)]
2025-09-08T09:24:54.607+05:30 DEBUG 32556 --- [back_end] [http-nio-8080-exec-2] e.vidura.akapilot.aspect.LoggingAspect   : ▶ Starting service: AuthServiceImpl.authenticate(..)
2025-09-08T09:24:54.769+05:30 DEBUG 32556 --- [back_end] [http-nio-8080-exec-2] e.vidura.akapilot.aspect.LoggingAspect   : ⏱ Finished service: AuthServiceImpl.authenticate(..) in 161 ms
2025-09-08T09:24:54.769+05:30  INFO 32556 --- [back_end] [http-nio-8080-exec-2] e.vidura.akapilot.aspect.LoggingAspect   : ✅ Exiting controller: AuthController.login(..) with result: <200 OK OK,ApiResponse(status=200, message=OK, data=AuthResponseDTO(accessToken=eyJhbGciOiJIUzI1NiJ9.eyJzdWIiOiJTdWJqZWN0T25lIiwiaWF0IjoxNzU3MzAzNjk0LCJleHAiOjE3NTczMDcyOTR9.BBC1CNsBBk7UB9VYvyte6-9NJRdN7ojQU19PtamVLO8)),[]>
2025-09-08T09:24:55.517+05:30  INFO 32556 --- [back_end] [http-nio-8080-exec-9] e.vidura.akapilot.aspect.LoggingAspect   : ➡ Entering controller: SubjectController.getSubject() with arguments: []
2025-09-08T09:24:55.518+05:30 DEBUG 32556 --- [back_end] [http-nio-8080-exec-9] e.vidura.akapilot.aspect.LoggingAspect   : ▶ Starting service: SubjectServiceImpl.getAllSubjects()
2025-09-08T09:24:55.534+05:30 DEBUG 32556 --- [back_end] [http-nio-8080-exec-9] e.vidura.akapilot.aspect.LoggingAspect   : ⏱ Finished service: SubjectServiceImpl.getAllSubjects() in 16 ms
2025-09-08T09:24:55.534+05:30  INFO 32556 --- [back_end] [http-nio-8080-exec-9] e.vidura.akapilot.aspect.LoggingAspect   : ✅ Exiting controller: SubjectController.getSubject() with result: <200 OK OK,ApiResponse(status=200, message=Success, data=[SubjectsDTO(name=SubjectOne-subOne, color=Red, description=null, difficulty=null, priority=null), SubjectsDTO(name=SubjectOne-subTwo, color=Red, description=null, difficulty=null, priority=null), SubjectsDTO(name=SubjectOne-subThree, color=Red, description=null, difficulty=null, priority=null), SubjectsDTO(name=Advanced Mathematics, color=Red, description=null, difficulty=null, priority=null), SubjectsDTO(name=Physics, color=#4287f5, description=Covers algebra, geometry, and calculus, difficulty=HARD, priority=HIGH), SubjectsDTO(name=Shdasdas, color=#ff2f00, description=safsafafas, difficulty=MEDIUM, priority=MEDIUM), SubjectsDTO(name=gergergreger, color=#FF5733, description=ergergreger, difficulty=MEDIUM, priority=MEDIUM), SubjectsDTO(name=test, color=#000000, description=dsdsfdsfdsdsf, difficulty=EASY, priority=HIGH)]),[]>
2025-09-08T09:24:55.551+05:30  INFO 32556 --- [back_end] [http-nio-8080-exec-7] e.vidura.akapilot.aspect.LoggingAspect   : ➡ Entering controller: SubjectController.getSubject() with arguments: []
2025-09-08T09:24:55.551+05:30 DEBUG 32556 --- [back_end] [http-nio-8080-exec-7] e.vidura.akapilot.aspect.LoggingAspect   : ▶ Starting service: SubjectServiceImpl.getAllSubjects()
2025-09-08T09:24:55.559+05:30 DEBUG 32556 --- [back_end] [http-nio-8080-exec-7] e.vidura.akapilot.aspect.LoggingAspect   : ⏱ Finished service: SubjectServiceImpl.getAllSubjects() in 8 ms
2025-09-08T09:24:55.559+05:30  INFO 32556 --- [back_end] [http-nio-8080-exec-7] e.vidura.akapilot.aspect.LoggingAspect   : ✅ Exiting controller: SubjectController.getSubject() with result: <200 OK OK,ApiResponse(status=200, message=Success, data=[SubjectsDTO(name=SubjectOne-subOne, color=Red, description=null, difficulty=null, priority=null), SubjectsDTO(name=SubjectOne-subTwo, color=Red, description=null, difficulty=null, priority=null), SubjectsDTO(name=SubjectOne-subThree, color=Red, description=null, difficulty=null, priority=null), SubjectsDTO(name=Advanced Mathematics, color=Red, description=null, difficulty=null, priority=null), SubjectsDTO(name=Physics, color=#4287f5, description=Covers algebra, geometry, and calculus, difficulty=HARD, priority=HIGH), SubjectsDTO(name=Shdasdas, color=#ff2f00, description=safsafafas, difficulty=MEDIUM, priority=MEDIUM), SubjectsDTO(name=gergergreger, color=#FF5733, description=ergergreger, difficulty=MEDIUM, priority=MEDIUM), SubjectsDTO(name=test, color=#000000, description=dsdsfdsfdsdsf, difficulty=EASY, priority=HIGH)]),[]>
2025-09-08T09:32:27.483+05:30  INFO 32556 --- [back_end] [http-nio-8080-exec-4] e.vidura.akapilot.aspect.LoggingAspect   : ➡ Entering controller: SubjectController.getSubject() with arguments: []
2025-09-08T09:32:27.483+05:30 DEBUG 32556 --- [back_end] [http-nio-8080-exec-4] e.vidura.akapilot.aspect.LoggingAspect   : ▶ Starting service: SubjectServiceImpl.getAllSubjects()
2025-09-08T09:32:27.499+05:30 DEBUG 32556 --- [back_end] [http-nio-8080-exec-4] e.vidura.akapilot.aspect.LoggingAspect   : ⏱ Finished service: SubjectServiceImpl.getAllSubjects() in 16 ms
2025-09-08T09:32:27.501+05:30  INFO 32556 --- [back_end] [http-nio-8080-exec-4] e.vidura.akapilot.aspect.LoggingAspect   : ✅ Exiting controller: SubjectController.getSubject() with result: <200 OK OK,ApiResponse(status=200, message=Success, data=[SubjectsDTO(name=SubjectOne-subOne, color=Red, description=null, difficulty=null, priority=null), SubjectsDTO(name=SubjectOne-subTwo, color=Red, description=null, difficulty=null, priority=null), SubjectsDTO(name=SubjectOne-subThree, color=Red, description=null, difficulty=null, priority=null), SubjectsDTO(name=Advanced Mathematics, color=Red, description=null, difficulty=null, priority=null), SubjectsDTO(name=Physics, color=#4287f5, description=Covers algebra, geometry, and calculus, difficulty=HARD, priority=HIGH), SubjectsDTO(name=Shdasdas, color=#ff2f00, description=safsafafas, difficulty=MEDIUM, priority=MEDIUM), SubjectsDTO(name=gergergreger, color=#FF5733, description=ergergreger, difficulty=MEDIUM, priority=MEDIUM), SubjectsDTO(name=test, color=#000000, description=dsdsfdsfdsdsf, difficulty=EASY, priority=HIGH)]),[]>
2025-09-08T09:32:27.515+05:30  INFO 32556 --- [back_end] [http-nio-8080-exec-2] e.vidura.akapilot.aspect.LoggingAspect   : ➡ Entering controller: SubjectController.getSubject() with arguments: []
2025-09-08T09:32:27.515+05:30 DEBUG 32556 --- [back_end] [http-nio-8080-exec-2] e.vidura.akapilot.aspect.LoggingAspect   : ▶ Starting service: SubjectServiceImpl.getAllSubjects()
2025-09-08T09:32:27.517+05:30 DEBUG 32556 --- [back_end] [http-nio-8080-exec-2] e.vidura.akapilot.aspect.LoggingAspect   : ⏱ Finished service: SubjectServiceImpl.getAllSubjects() in 2 ms
2025-09-08T09:32:27.517+05:30  INFO 32556 --- [back_end] [http-nio-8080-exec-2] e.vidura.akapilot.aspect.LoggingAspect   : ✅ Exiting controller: SubjectController.getSubject() with result: <200 OK OK,ApiResponse(status=200, message=Success, data=[SubjectsDTO(name=SubjectOne-subOne, color=Red, description=null, difficulty=null, priority=null), SubjectsDTO(name=SubjectOne-subTwo, color=Red, description=null, difficulty=null, priority=null), SubjectsDTO(name=SubjectOne-subThree, color=Red, description=null, difficulty=null, priority=null), SubjectsDTO(name=Advanced Mathematics, color=Red, description=null, difficulty=null, priority=null), SubjectsDTO(name=Physics, color=#4287f5, description=Covers algebra, geometry, and calculus, difficulty=HARD, priority=HIGH), SubjectsDTO(name=Shdasdas, color=#ff2f00, description=safsafafas, difficulty=MEDIUM, priority=MEDIUM), SubjectsDTO(name=gergergreger, color=#FF5733, description=ergergreger, difficulty=MEDIUM, priority=MEDIUM), SubjectsDTO(name=test, color=#000000, description=dsdsfdsfdsdsf, difficulty=EASY, priority=HIGH)]),[]>
2025-09-08T09:32:44.303+05:30  INFO 32556 --- [back_end] [http-nio-8080-exec-6] e.vidura.akapilot.aspect.LoggingAspect   : ➡ Entering controller: SubjectController.postSubject(..) with arguments: [SubjectsDTO(name=asdsadsad, color=#FF5733, description=saddasddasda, difficulty=MEDIUM, priority=MEDIUM)]
2025-09-08T09:32:44.303+05:30 DEBUG 32556 --- [back_end] [http-nio-8080-exec-6] e.vidura.akapilot.aspect.LoggingAspect   : ▶ Starting service: SubjectServiceImpl.saveSubject(..)
2025-09-08T09:32:44.658+05:30 DEBUG 32556 --- [back_end] [http-nio-8080-exec-6] e.vidura.akapilot.aspect.LoggingAspect   : ⏱ Finished service: SubjectServiceImpl.saveSubject(..) in 355 ms
2025-09-08T09:32:44.658+05:30  INFO 32556 --- [back_end] [http-nio-8080-exec-6] e.vidura.akapilot.aspect.LoggingAspect   : ✅ Exiting controller: SubjectController.postSubject(..) with result: <200 OK OK,ApiResponse(status=200, message=Subject saved successfully, data=SubjectsDTO(name=asdsadsad, color=#FF5733, description=saddasddasda, difficulty=MEDIUM, priority=MEDIUM)),[]>
2025-09-08T09:32:58.629+05:30  INFO 32556 --- [back_end] [SpringApplicationShutdownHook] o.s.b.w.e.tomcat.GracefulShutdown        : Commencing graceful shutdown. Waiting for active requests to complete
2025-09-08T09:32:58.637+05:30  INFO 32556 --- [back_end] [tomcat-shutdown] o.s.b.w.e.tomcat.GracefulShutdown        : Graceful shutdown complete
2025-09-08T09:32:58.653+05:30  INFO 32556 --- [back_end] [SpringApplicationShutdownHook] j.LocalContainerEntityManagerFactoryBean : Closing JPA EntityManagerFactory for persistence unit 'default'
2025-09-08T09:32:58.663+05:30  INFO 32556 --- [back_end] [SpringApplicationShutdownHook] com.zaxxer.hikari.HikariDataSource       : HikariPool-1 - Shutdown initiated...
2025-09-08T09:32:58.669+05:30  INFO 32556 --- [back_end] [SpringApplicationShutdownHook] com.zaxxer.hikari.HikariDataSource       : HikariPool-1 - Shutdown completed.
