2025-08-31T16:36:02.016+05:30  INFO 36184 --- [back_end] [main] edu.vidura.akapilot.BackEndApplication   : Starting BackEndApplication using Java 21.0.5 with PID 36184 (D:\IJSE\SECOND SEM\AAD\AKAPilot\back_end\target\classes started by Vidura in D:\IJSE\SECOND SEM\AAD\AKAPilot\back_end)
2025-08-31T16:36:02.035+05:30 DEBUG 36184 --- [back_end] [main] edu.vidura.akapilot.BackEndApplication   : Running with Spring Boot v3.5.4, Spring v6.2.9
2025-08-31T16:36:02.038+05:30  INFO 36184 --- [back_end] [main] edu.vidura.akapilot.BackEndApplication   : No active profile set, falling back to 1 default profile: "default"
2025-08-31T16:36:03.908+05:30  INFO 36184 --- [back_end] [main] .s.d.r.c.RepositoryConfigurationDelegate : Bootstrapping Spring Data JPA repositories in DEFAULT mode.
2025-08-31T16:36:04.041+05:30  INFO 36184 --- [back_end] [main] .s.d.r.c.RepositoryConfigurationDelegate : Finished Spring Data repository scanning in 118 ms. Found 5 JPA repository interfaces.
2025-08-31T16:36:05.256+05:30  INFO 36184 --- [back_end] [main] o.s.b.w.embedded.tomcat.TomcatWebServer  : Tomcat initialized with port 8080 (http)
2025-08-31T16:36:05.275+05:30  INFO 36184 --- [back_end] [main] o.apache.catalina.core.StandardService   : Starting service [Tomcat]
2025-08-31T16:36:05.276+05:30  INFO 36184 --- [back_end] [main] o.apache.catalina.core.StandardEngine    : Starting Servlet engine: [Apache Tomcat/10.1.43]
2025-08-31T16:36:05.373+05:30  INFO 36184 --- [back_end] [main] o.a.c.c.C.[Tomcat].[localhost].[/]       : Initializing Spring embedded WebApplicationContext
2025-08-31T16:36:05.374+05:30  INFO 36184 --- [back_end] [main] w.s.c.ServletWebServerApplicationContext : Root WebApplicationContext: initialization completed in 3146 ms
2025-08-31T16:36:05.690+05:30  INFO 36184 --- [back_end] [main] o.hibernate.jpa.internal.util.LogHelper  : HHH000204: Processing PersistenceUnitInfo [name: default]
2025-08-31T16:36:05.799+05:30  INFO 36184 --- [back_end] [main] org.hibernate.Version                    : HHH000412: Hibernate ORM core version 6.6.22.Final
2025-08-31T16:36:05.854+05:30  INFO 36184 --- [back_end] [main] o.h.c.internal.RegionFactoryInitiator    : HHH000026: Second-level cache disabled
2025-08-31T16:36:06.267+05:30  INFO 36184 --- [back_end] [main] o.s.o.j.p.SpringPersistenceUnitInfo      : No LoadTimeWeaver setup: ignoring JPA class transformer
2025-08-31T16:36:06.304+05:30  INFO 36184 --- [back_end] [main] com.zaxxer.hikari.HikariDataSource       : HikariPool-1 - Starting...
2025-08-31T16:36:06.797+05:30  INFO 36184 --- [back_end] [main] com.zaxxer.hikari.pool.HikariPool        : HikariPool-1 - Added connection com.mysql.cj.jdbc.ConnectionImpl@1f6c4ae
2025-08-31T16:36:06.799+05:30  INFO 36184 --- [back_end] [main] com.zaxxer.hikari.HikariDataSource       : HikariPool-1 - Start completed.
2025-08-31T16:36:06.865+05:30  WARN 36184 --- [back_end] [main] org.hibernate.orm.deprecation            : HHH90000025: MySQLDialect does not need to be specified explicitly using 'hibernate.dialect' (remove the property setting and it will be selected by default)
2025-08-31T16:36:06.891+05:30  INFO 36184 --- [back_end] [main] org.hibernate.orm.connections.pooling    : HHH10001005: Database info:
	Database JDBC URL [Connecting through datasource 'HikariDataSource (HikariPool-1)']
	Database driver: undefined/unknown
	Database version: 8.0.36
	Autocommit mode: undefined/unknown
	Isolation level: undefined/unknown
	Minimum pool size: undefined/unknown
	Maximum pool size: undefined/unknown
2025-08-31T16:36:08.510+05:30  INFO 36184 --- [back_end] [main] o.h.e.t.j.p.i.JtaPlatformInitiator       : HHH000489: No JTA platform available (set 'hibernate.transaction.jta.platform' to enable JTA platform integration)
2025-08-31T16:36:08.668+05:30  INFO 36184 --- [back_end] [main] j.LocalContainerEntityManagerFactoryBean : Initialized JPA EntityManagerFactory for persistence unit 'default'
2025-08-31T16:36:09.345+05:30 DEBUG 36184 --- [back_end] [main] edu.vidura.akapilot.util.JwtAuthFilter   : Filter 'jwtAuthFilter' configured for use
2025-08-31T16:36:09.822+05:30  WARN 36184 --- [back_end] [main] JpaBaseConfiguration$JpaWebConfiguration : spring.jpa.open-in-view is enabled by default. Therefore, database queries may be performed during view rendering. Explicitly configure spring.jpa.open-in-view to disable this warning
2025-08-31T16:36:09.903+05:30  INFO 36184 --- [back_end] [main] r$InitializeUserDetailsManagerConfigurer : Global AuthenticationManager configured with UserDetailsService bean with name userDetailsService
2025-08-31T16:36:10.960+05:30  INFO 36184 --- [back_end] [main] o.s.b.w.embedded.tomcat.TomcatWebServer  : Tomcat started on port 8080 (http) with context path '/'
2025-08-31T16:36:10.968+05:30  INFO 36184 --- [back_end] [main] edu.vidura.akapilot.BackEndApplication   : Started BackEndApplication in 10.486 seconds (process running for 12.237)
2025-08-31T16:36:11.296+05:30  INFO 36184 --- [back_end] [SpringApplicationShutdownHook] o.s.b.w.e.tomcat.GracefulShutdown        : Commencing graceful shutdown. Waiting for active requests to complete
2025-08-31T16:36:11.309+05:30  INFO 36184 --- [back_end] [tomcat-shutdown] o.s.b.w.e.tomcat.GracefulShutdown        : Graceful shutdown complete
2025-08-31T16:36:11.320+05:30  INFO 36184 --- [back_end] [SpringApplicationShutdownHook] j.LocalContainerEntityManagerFactoryBean : Closing JPA EntityManagerFactory for persistence unit 'default'
2025-08-31T16:36:11.324+05:30  INFO 36184 --- [back_end] [SpringApplicationShutdownHook] com.zaxxer.hikari.HikariDataSource       : HikariPool-1 - Shutdown initiated...
2025-08-31T16:36:11.342+05:30  INFO 36184 --- [back_end] [SpringApplicationShutdownHook] com.zaxxer.hikari.HikariDataSource       : HikariPool-1 - Shutdown completed.
2025-08-31T17:42:04.734+05:30  INFO 28036 --- [back_end] [main] edu.vidura.akapilot.BackEndApplication   : Starting BackEndApplication using Java 21.0.5 with PID 28036 (D:\IJSE\SECOND SEM\AAD\AKAPilot\back_end\target\classes started by Vidura in D:\IJSE\SECOND SEM\AAD\AKAPilot\back_end)
2025-08-31T17:42:04.737+05:30 DEBUG 28036 --- [back_end] [main] edu.vidura.akapilot.BackEndApplication   : Running with Spring Boot v3.5.4, Spring v6.2.9
2025-08-31T17:42:04.738+05:30  INFO 28036 --- [back_end] [main] edu.vidura.akapilot.BackEndApplication   : No active profile set, falling back to 1 default profile: "default"
2025-08-31T17:42:05.595+05:30  INFO 28036 --- [back_end] [main] .s.d.r.c.RepositoryConfigurationDelegate : Bootstrapping Spring Data JPA repositories in DEFAULT mode.
2025-08-31T17:42:05.688+05:30  INFO 28036 --- [back_end] [main] .s.d.r.c.RepositoryConfigurationDelegate : Finished Spring Data repository scanning in 82 ms. Found 5 JPA repository interfaces.
2025-08-31T17:42:06.598+05:30  INFO 28036 --- [back_end] [main] o.s.b.w.embedded.tomcat.TomcatWebServer  : Tomcat initialized with port 8080 (http)
2025-08-31T17:42:06.615+05:30  INFO 28036 --- [back_end] [main] o.apache.catalina.core.StandardService   : Starting service [Tomcat]
2025-08-31T17:42:06.615+05:30  INFO 28036 --- [back_end] [main] o.apache.catalina.core.StandardEngine    : Starting Servlet engine: [Apache Tomcat/10.1.43]
2025-08-31T17:42:06.694+05:30  INFO 28036 --- [back_end] [main] o.a.c.c.C.[Tomcat].[localhost].[/]       : Initializing Spring embedded WebApplicationContext
2025-08-31T17:42:06.694+05:30  INFO 28036 --- [back_end] [main] w.s.c.ServletWebServerApplicationContext : Root WebApplicationContext: initialization completed in 1906 ms
2025-08-31T17:42:06.949+05:30  INFO 28036 --- [back_end] [main] o.hibernate.jpa.internal.util.LogHelper  : HHH000204: Processing PersistenceUnitInfo [name: default]
2025-08-31T17:42:07.031+05:30  INFO 28036 --- [back_end] [main] org.hibernate.Version                    : HHH000412: Hibernate ORM core version 6.6.22.Final
2025-08-31T17:42:07.097+05:30  INFO 28036 --- [back_end] [main] o.h.c.internal.RegionFactoryInitiator    : HHH000026: Second-level cache disabled
2025-08-31T17:42:07.586+05:30  INFO 28036 --- [back_end] [main] o.s.o.j.p.SpringPersistenceUnitInfo      : No LoadTimeWeaver setup: ignoring JPA class transformer
2025-08-31T17:42:07.628+05:30  INFO 28036 --- [back_end] [main] com.zaxxer.hikari.HikariDataSource       : HikariPool-1 - Starting...
2025-08-31T17:42:08.101+05:30  INFO 28036 --- [back_end] [main] com.zaxxer.hikari.pool.HikariPool        : HikariPool-1 - Added connection com.mysql.cj.jdbc.ConnectionImpl@4e51eda7
2025-08-31T17:42:08.102+05:30  INFO 28036 --- [back_end] [main] com.zaxxer.hikari.HikariDataSource       : HikariPool-1 - Start completed.
2025-08-31T17:42:08.165+05:30  WARN 28036 --- [back_end] [main] org.hibernate.orm.deprecation            : HHH90000025: MySQLDialect does not need to be specified explicitly using 'hibernate.dialect' (remove the property setting and it will be selected by default)
2025-08-31T17:42:08.184+05:30  INFO 28036 --- [back_end] [main] org.hibernate.orm.connections.pooling    : HHH10001005: Database info:
	Database JDBC URL [Connecting through datasource 'HikariDataSource (HikariPool-1)']
	Database driver: undefined/unknown
	Database version: 8.0.36
	Autocommit mode: undefined/unknown
	Isolation level: undefined/unknown
	Minimum pool size: undefined/unknown
	Maximum pool size: undefined/unknown
2025-08-31T17:42:09.757+05:30  INFO 28036 --- [back_end] [main] o.h.e.t.j.p.i.JtaPlatformInitiator       : HHH000489: No JTA platform available (set 'hibernate.transaction.jta.platform' to enable JTA platform integration)
2025-08-31T17:42:09.945+05:30  INFO 28036 --- [back_end] [main] j.LocalContainerEntityManagerFactoryBean : Initialized JPA EntityManagerFactory for persistence unit 'default'
2025-08-31T17:42:10.499+05:30 DEBUG 28036 --- [back_end] [main] edu.vidura.akapilot.util.JwtAuthFilter   : Filter 'jwtAuthFilter' configured for use
2025-08-31T17:42:10.902+05:30  WARN 28036 --- [back_end] [main] JpaBaseConfiguration$JpaWebConfiguration : spring.jpa.open-in-view is enabled by default. Therefore, database queries may be performed during view rendering. Explicitly configure spring.jpa.open-in-view to disable this warning
2025-08-31T17:42:10.966+05:30  INFO 28036 --- [back_end] [main] r$InitializeUserDetailsManagerConfigurer : Global AuthenticationManager configured with UserDetailsService bean with name userDetailsService
2025-08-31T17:42:12.010+05:30  INFO 28036 --- [back_end] [main] o.s.b.w.embedded.tomcat.TomcatWebServer  : Tomcat started on port 8080 (http) with context path '/'
2025-08-31T17:42:12.018+05:30  INFO 28036 --- [back_end] [main] edu.vidura.akapilot.BackEndApplication   : Started BackEndApplication in 8.176 seconds (process running for 9.161)
2025-08-31T17:42:18.635+05:30  INFO 28036 --- [back_end] [http-nio-8080-exec-1] o.a.c.c.C.[Tomcat].[localhost].[/]       : Initializing Spring DispatcherServlet 'dispatcherServlet'
2025-08-31T17:42:18.635+05:30  INFO 28036 --- [back_end] [http-nio-8080-exec-1] o.s.web.servlet.DispatcherServlet        : Initializing Servlet 'dispatcherServlet'
2025-08-31T17:42:18.636+05:30  INFO 28036 --- [back_end] [http-nio-8080-exec-1] o.s.web.servlet.DispatcherServlet        : Completed initialization in 1 ms
2025-08-31T17:43:11.288+05:30  INFO 28036 --- [back_end] [http-nio-8080-exec-4] e.vidura.akapilot.aspect.LoggingAspect   : ➡ Entering controller: AuthController.login(..) with arguments: [AuthDTO(username=SubjectOne, password=viduraaa)]
2025-08-31T17:43:11.289+05:30 DEBUG 28036 --- [back_end] [http-nio-8080-exec-4] e.vidura.akapilot.aspect.LoggingAspect   : ▶ Starting service: AuthServiceImpl.authenticate(..)
2025-08-31T17:43:11.561+05:30 DEBUG 28036 --- [back_end] [http-nio-8080-exec-4] e.vidura.akapilot.aspect.LoggingAspect   : ⏱ Finished service: AuthServiceImpl.authenticate(..) in 272 ms
2025-08-31T17:43:11.563+05:30  INFO 28036 --- [back_end] [http-nio-8080-exec-4] e.vidura.akapilot.aspect.LoggingAspect   : ✅ Exiting controller: AuthController.login(..) with result: <200 OK OK,ApiResponse(status=200, message=OK, data=AuthResponseDTO(accessToken=eyJhbGciOiJIUzI1NiJ9.eyJzdWIiOiJTdWJqZWN0T25lIiwiaWF0IjoxNzU2NjQyMzkxLCJleHAiOjE3NTY2NDU5OTF9.5jVDWdxJbFOBq7Q3flGAeSg9zqyHprr6OEnCbIh6YF0)),[]>
2025-08-31T17:55:00.601+05:30  INFO 28036 --- [back_end] [SpringApplicationShutdownHook] o.s.b.w.e.tomcat.GracefulShutdown        : Commencing graceful shutdown. Waiting for active requests to complete
2025-08-31T17:55:00.606+05:30  INFO 28036 --- [back_end] [tomcat-shutdown] o.s.b.w.e.tomcat.GracefulShutdown        : Graceful shutdown complete
2025-08-31T17:55:00.610+05:30  INFO 28036 --- [back_end] [SpringApplicationShutdownHook] j.LocalContainerEntityManagerFactoryBean : Closing JPA EntityManagerFactory for persistence unit 'default'
2025-08-31T17:55:00.612+05:30  INFO 28036 --- [back_end] [SpringApplicationShutdownHook] com.zaxxer.hikari.HikariDataSource       : HikariPool-1 - Shutdown initiated...
2025-08-31T17:55:00.619+05:30  INFO 28036 --- [back_end] [SpringApplicationShutdownHook] com.zaxxer.hikari.HikariDataSource       : HikariPool-1 - Shutdown completed.
2025-08-31T17:55:07.286+05:30  INFO 18084 --- [back_end] [main] edu.vidura.akapilot.BackEndApplication   : Starting BackEndApplication using Java 21.0.5 with PID 18084 (D:\IJSE\SECOND SEM\AAD\AKAPilot\back_end\target\classes started by Vidura in D:\IJSE\SECOND SEM\AAD\AKAPilot\back_end)
2025-08-31T17:55:07.288+05:30 DEBUG 18084 --- [back_end] [main] edu.vidura.akapilot.BackEndApplication   : Running with Spring Boot v3.5.4, Spring v6.2.9
2025-08-31T17:55:07.288+05:30  INFO 18084 --- [back_end] [main] edu.vidura.akapilot.BackEndApplication   : No active profile set, falling back to 1 default profile: "default"
2025-08-31T17:55:07.969+05:30  INFO 18084 --- [back_end] [main] .s.d.r.c.RepositoryConfigurationDelegate : Bootstrapping Spring Data JPA repositories in DEFAULT mode.
2025-08-31T17:55:08.038+05:30  INFO 18084 --- [back_end] [main] .s.d.r.c.RepositoryConfigurationDelegate : Finished Spring Data repository scanning in 62 ms. Found 5 JPA repository interfaces.
2025-08-31T17:55:08.817+05:30  INFO 18084 --- [back_end] [main] o.s.b.w.embedded.tomcat.TomcatWebServer  : Tomcat initialized with port 8080 (http)
2025-08-31T17:55:08.830+05:30  INFO 18084 --- [back_end] [main] o.apache.catalina.core.StandardService   : Starting service [Tomcat]
2025-08-31T17:55:08.830+05:30  INFO 18084 --- [back_end] [main] o.apache.catalina.core.StandardEngine    : Starting Servlet engine: [Apache Tomcat/10.1.43]
2025-08-31T17:55:08.876+05:30  INFO 18084 --- [back_end] [main] o.a.c.c.C.[Tomcat].[localhost].[/]       : Initializing Spring embedded WebApplicationContext
2025-08-31T17:55:08.876+05:30  INFO 18084 --- [back_end] [main] w.s.c.ServletWebServerApplicationContext : Root WebApplicationContext: initialization completed in 1541 ms
2025-08-31T17:55:09.165+05:30  INFO 18084 --- [back_end] [main] o.hibernate.jpa.internal.util.LogHelper  : HHH000204: Processing PersistenceUnitInfo [name: default]
2025-08-31T17:55:09.228+05:30  INFO 18084 --- [back_end] [main] org.hibernate.Version                    : HHH000412: Hibernate ORM core version 6.6.22.Final
2025-08-31T17:55:09.276+05:30  INFO 18084 --- [back_end] [main] o.h.c.internal.RegionFactoryInitiator    : HHH000026: Second-level cache disabled
2025-08-31T17:55:09.667+05:30  INFO 18084 --- [back_end] [main] o.s.o.j.p.SpringPersistenceUnitInfo      : No LoadTimeWeaver setup: ignoring JPA class transformer
2025-08-31T17:55:09.695+05:30  INFO 18084 --- [back_end] [main] com.zaxxer.hikari.HikariDataSource       : HikariPool-1 - Starting...
2025-08-31T17:55:09.997+05:30  INFO 18084 --- [back_end] [main] com.zaxxer.hikari.pool.HikariPool        : HikariPool-1 - Added connection com.mysql.cj.jdbc.ConnectionImpl@49e62b17
2025-08-31T17:55:09.999+05:30  INFO 18084 --- [back_end] [main] com.zaxxer.hikari.HikariDataSource       : HikariPool-1 - Start completed.
2025-08-31T17:55:10.043+05:30  WARN 18084 --- [back_end] [main] org.hibernate.orm.deprecation            : HHH90000025: MySQLDialect does not need to be specified explicitly using 'hibernate.dialect' (remove the property setting and it will be selected by default)
2025-08-31T17:55:10.059+05:30  INFO 18084 --- [back_end] [main] org.hibernate.orm.connections.pooling    : HHH10001005: Database info:
	Database JDBC URL [Connecting through datasource 'HikariDataSource (HikariPool-1)']
	Database driver: undefined/unknown
	Database version: 8.0.36
	Autocommit mode: undefined/unknown
	Isolation level: undefined/unknown
	Minimum pool size: undefined/unknown
	Maximum pool size: undefined/unknown
2025-08-31T17:55:11.078+05:30  INFO 18084 --- [back_end] [main] o.h.e.t.j.p.i.JtaPlatformInitiator       : HHH000489: No JTA platform available (set 'hibernate.transaction.jta.platform' to enable JTA platform integration)
2025-08-31T17:55:11.230+05:30  INFO 18084 --- [back_end] [main] j.LocalContainerEntityManagerFactoryBean : Initialized JPA EntityManagerFactory for persistence unit 'default'
2025-08-31T17:55:11.686+05:30 DEBUG 18084 --- [back_end] [main] edu.vidura.akapilot.util.JwtAuthFilter   : Filter 'jwtAuthFilter' configured for use
2025-08-31T17:55:12.005+05:30  WARN 18084 --- [back_end] [main] JpaBaseConfiguration$JpaWebConfiguration : spring.jpa.open-in-view is enabled by default. Therefore, database queries may be performed during view rendering. Explicitly configure spring.jpa.open-in-view to disable this warning
2025-08-31T17:55:12.059+05:30  INFO 18084 --- [back_end] [main] r$InitializeUserDetailsManagerConfigurer : Global AuthenticationManager configured with UserDetailsService bean with name userDetailsService
2025-08-31T17:55:12.804+05:30  INFO 18084 --- [back_end] [main] o.s.b.w.embedded.tomcat.TomcatWebServer  : Tomcat started on port 8080 (http) with context path '/'
2025-08-31T17:55:12.812+05:30  INFO 18084 --- [back_end] [main] edu.vidura.akapilot.BackEndApplication   : Started BackEndApplication in 6.053 seconds (process running for 6.772)
2025-08-31T17:55:15.442+05:30  INFO 18084 --- [back_end] [http-nio-8080-exec-1] o.a.c.c.C.[Tomcat].[localhost].[/]       : Initializing Spring DispatcherServlet 'dispatcherServlet'
2025-08-31T17:55:15.442+05:30  INFO 18084 --- [back_end] [http-nio-8080-exec-1] o.s.web.servlet.DispatcherServlet        : Initializing Servlet 'dispatcherServlet'
2025-08-31T17:55:15.443+05:30  INFO 18084 --- [back_end] [http-nio-8080-exec-1] o.s.web.servlet.DispatcherServlet        : Completed initialization in 1 ms
2025-08-31T17:55:35.819+05:30  INFO 18084 --- [back_end] [SpringApplicationShutdownHook] o.s.b.w.e.tomcat.GracefulShutdown        : Commencing graceful shutdown. Waiting for active requests to complete
2025-08-31T17:55:35.826+05:30  INFO 18084 --- [back_end] [tomcat-shutdown] o.s.b.w.e.tomcat.GracefulShutdown        : Graceful shutdown complete
2025-08-31T17:55:35.832+05:30  INFO 18084 --- [back_end] [SpringApplicationShutdownHook] j.LocalContainerEntityManagerFactoryBean : Closing JPA EntityManagerFactory for persistence unit 'default'
2025-08-31T17:55:35.834+05:30  INFO 18084 --- [back_end] [SpringApplicationShutdownHook] com.zaxxer.hikari.HikariDataSource       : HikariPool-1 - Shutdown initiated...
2025-08-31T17:55:35.843+05:30  INFO 18084 --- [back_end] [SpringApplicationShutdownHook] com.zaxxer.hikari.HikariDataSource       : HikariPool-1 - Shutdown completed.
2025-08-31T18:03:20.308+05:30  INFO 30016 --- [back_end] [main] edu.vidura.akapilot.BackEndApplication   : Starting BackEndApplication using Java 21.0.5 with PID 30016 (D:\IJSE\SECOND SEM\AAD\AKAPilot\back_end\target\classes started by Vidura in D:\IJSE\SECOND SEM\AAD\AKAPilot\back_end)
2025-08-31T18:03:20.310+05:30 DEBUG 30016 --- [back_end] [main] edu.vidura.akapilot.BackEndApplication   : Running with Spring Boot v3.5.4, Spring v6.2.9
2025-08-31T18:03:20.310+05:30  INFO 30016 --- [back_end] [main] edu.vidura.akapilot.BackEndApplication   : No active profile set, falling back to 1 default profile: "default"
2025-08-31T18:03:21.007+05:30  INFO 30016 --- [back_end] [main] .s.d.r.c.RepositoryConfigurationDelegate : Bootstrapping Spring Data JPA repositories in DEFAULT mode.
2025-08-31T18:03:21.078+05:30  INFO 30016 --- [back_end] [main] .s.d.r.c.RepositoryConfigurationDelegate : Finished Spring Data repository scanning in 62 ms. Found 5 JPA repository interfaces.
2025-08-31T18:03:21.765+05:30  INFO 30016 --- [back_end] [main] o.s.b.w.embedded.tomcat.TomcatWebServer  : Tomcat initialized with port 8080 (http)
2025-08-31T18:03:21.778+05:30  INFO 30016 --- [back_end] [main] o.apache.catalina.core.StandardService   : Starting service [Tomcat]
2025-08-31T18:03:21.778+05:30  INFO 30016 --- [back_end] [main] o.apache.catalina.core.StandardEngine    : Starting Servlet engine: [Apache Tomcat/10.1.43]
2025-08-31T18:03:21.827+05:30  INFO 30016 --- [back_end] [main] o.a.c.c.C.[Tomcat].[localhost].[/]       : Initializing Spring embedded WebApplicationContext
2025-08-31T18:03:21.828+05:30  INFO 30016 --- [back_end] [main] w.s.c.ServletWebServerApplicationContext : Root WebApplicationContext: initialization completed in 1477 ms
2025-08-31T18:03:22.034+05:30  INFO 30016 --- [back_end] [main] o.hibernate.jpa.internal.util.LogHelper  : HHH000204: Processing PersistenceUnitInfo [name: default]
2025-08-31T18:03:22.077+05:30  INFO 30016 --- [back_end] [main] org.hibernate.Version                    : HHH000412: Hibernate ORM core version 6.6.22.Final
2025-08-31T18:03:22.107+05:30  INFO 30016 --- [back_end] [main] o.h.c.internal.RegionFactoryInitiator    : HHH000026: Second-level cache disabled
2025-08-31T18:03:22.367+05:30  INFO 30016 --- [back_end] [main] o.s.o.j.p.SpringPersistenceUnitInfo      : No LoadTimeWeaver setup: ignoring JPA class transformer
2025-08-31T18:03:22.391+05:30  INFO 30016 --- [back_end] [main] com.zaxxer.hikari.HikariDataSource       : HikariPool-1 - Starting...
2025-08-31T18:03:22.702+05:30  INFO 30016 --- [back_end] [main] com.zaxxer.hikari.pool.HikariPool        : HikariPool-1 - Added connection com.mysql.cj.jdbc.ConnectionImpl@319aa9ee
2025-08-31T18:03:22.704+05:30  INFO 30016 --- [back_end] [main] com.zaxxer.hikari.HikariDataSource       : HikariPool-1 - Start completed.
2025-08-31T18:03:22.753+05:30  WARN 30016 --- [back_end] [main] org.hibernate.orm.deprecation            : HHH90000025: MySQLDialect does not need to be specified explicitly using 'hibernate.dialect' (remove the property setting and it will be selected by default)
2025-08-31T18:03:22.768+05:30  INFO 30016 --- [back_end] [main] org.hibernate.orm.connections.pooling    : HHH10001005: Database info:
	Database JDBC URL [Connecting through datasource 'HikariDataSource (HikariPool-1)']
	Database driver: undefined/unknown
	Database version: 8.0.36
	Autocommit mode: undefined/unknown
	Isolation level: undefined/unknown
	Minimum pool size: undefined/unknown
	Maximum pool size: undefined/unknown
2025-08-31T18:03:23.922+05:30  INFO 30016 --- [back_end] [main] o.h.e.t.j.p.i.JtaPlatformInitiator       : HHH000489: No JTA platform available (set 'hibernate.transaction.jta.platform' to enable JTA platform integration)
2025-08-31T18:03:24.032+05:30  INFO 30016 --- [back_end] [main] j.LocalContainerEntityManagerFactoryBean : Initialized JPA EntityManagerFactory for persistence unit 'default'
2025-08-31T18:03:24.435+05:30 DEBUG 30016 --- [back_end] [main] edu.vidura.akapilot.util.JwtAuthFilter   : Filter 'jwtAuthFilter' configured for use
2025-08-31T18:03:24.767+05:30  WARN 30016 --- [back_end] [main] JpaBaseConfiguration$JpaWebConfiguration : spring.jpa.open-in-view is enabled by default. Therefore, database queries may be performed during view rendering. Explicitly configure spring.jpa.open-in-view to disable this warning
2025-08-31T18:03:24.820+05:30  INFO 30016 --- [back_end] [main] r$InitializeUserDetailsManagerConfigurer : Global AuthenticationManager configured with UserDetailsService bean with name userDetailsService
2025-08-31T18:03:25.640+05:30  INFO 30016 --- [back_end] [main] o.s.b.w.embedded.tomcat.TomcatWebServer  : Tomcat started on port 8080 (http) with context path '/'
2025-08-31T18:03:25.648+05:30  INFO 30016 --- [back_end] [main] edu.vidura.akapilot.BackEndApplication   : Started BackEndApplication in 5.883 seconds (process running for 6.661)
2025-08-31T18:03:36.818+05:30  INFO 30016 --- [back_end] [http-nio-8080-exec-5] o.a.c.c.C.[Tomcat].[localhost].[/]       : Initializing Spring DispatcherServlet 'dispatcherServlet'
2025-08-31T18:03:36.818+05:30  INFO 30016 --- [back_end] [http-nio-8080-exec-5] o.s.web.servlet.DispatcherServlet        : Initializing Servlet 'dispatcherServlet'
2025-08-31T18:03:36.820+05:30  INFO 30016 --- [back_end] [http-nio-8080-exec-5] o.s.web.servlet.DispatcherServlet        : Completed initialization in 0 ms
2025-08-31T18:03:39.609+05:30  WARN 30016 --- [back_end] [http-nio-8080-exec-1] .w.s.m.s.DefaultHandlerExceptionResolver : Resolved [org.springframework.web.HttpRequestMethodNotSupportedException: Request method 'GET' is not supported]
2025-08-31T18:05:11.132+05:30  INFO 30016 --- [back_end] [http-nio-8080-exec-3] e.vidura.akapilot.aspect.LoggingAspect   : ➡ Entering controller: AuthController.login(..) with arguments: [AuthDTO(username=SubjectOne, password=viduraaa)]
2025-08-31T18:05:11.133+05:30 DEBUG 30016 --- [back_end] [http-nio-8080-exec-3] e.vidura.akapilot.aspect.LoggingAspect   : ▶ Starting service: AuthServiceImpl.authenticate(..)
2025-08-31T18:05:11.371+05:30 DEBUG 30016 --- [back_end] [http-nio-8080-exec-3] e.vidura.akapilot.aspect.LoggingAspect   : ⏱ Finished service: AuthServiceImpl.authenticate(..) in 239 ms
2025-08-31T18:05:11.373+05:30  INFO 30016 --- [back_end] [http-nio-8080-exec-3] e.vidura.akapilot.aspect.LoggingAspect   : ✅ Exiting controller: AuthController.login(..) with result: <200 OK OK,ApiResponse(status=200, message=OK, data=AuthResponseDTO(accessToken=eyJhbGciOiJIUzI1NiJ9.eyJzdWIiOiJTdWJqZWN0T25lIiwiaWF0IjoxNzU2NjQzNzExLCJleHAiOjE3NTY2NDczMTF9.vkO3mvJBYLsg33CBr9_7LhPWE-Kn-x3g7pZ7SMSAP3E)),[]>
2025-08-31T18:12:07.540+05:30  INFO 30016 --- [back_end] [SpringApplicationShutdownHook] o.s.b.w.e.tomcat.GracefulShutdown        : Commencing graceful shutdown. Waiting for active requests to complete
2025-08-31T18:12:07.546+05:30  INFO 30016 --- [back_end] [tomcat-shutdown] o.s.b.w.e.tomcat.GracefulShutdown        : Graceful shutdown complete
2025-08-31T18:12:07.552+05:30  INFO 30016 --- [back_end] [SpringApplicationShutdownHook] j.LocalContainerEntityManagerFactoryBean : Closing JPA EntityManagerFactory for persistence unit 'default'
2025-08-31T18:12:07.554+05:30  INFO 30016 --- [back_end] [SpringApplicationShutdownHook] com.zaxxer.hikari.HikariDataSource       : HikariPool-1 - Shutdown initiated...
2025-08-31T18:12:07.561+05:30  INFO 30016 --- [back_end] [SpringApplicationShutdownHook] com.zaxxer.hikari.HikariDataSource       : HikariPool-1 - Shutdown completed.
2025-08-31T18:12:13.074+05:30  INFO 22820 --- [back_end] [main] edu.vidura.akapilot.BackEndApplication   : Starting BackEndApplication using Java 21.0.5 with PID 22820 (D:\IJSE\SECOND SEM\AAD\AKAPilot\back_end\target\classes started by Vidura in D:\IJSE\SECOND SEM\AAD\AKAPilot\back_end)
2025-08-31T18:12:13.076+05:30 DEBUG 22820 --- [back_end] [main] edu.vidura.akapilot.BackEndApplication   : Running with Spring Boot v3.5.4, Spring v6.2.9
2025-08-31T18:12:13.076+05:30  INFO 22820 --- [back_end] [main] edu.vidura.akapilot.BackEndApplication   : No active profile set, falling back to 1 default profile: "default"
2025-08-31T18:12:13.759+05:30  INFO 22820 --- [back_end] [main] .s.d.r.c.RepositoryConfigurationDelegate : Bootstrapping Spring Data JPA repositories in DEFAULT mode.
2025-08-31T18:12:13.830+05:30  INFO 22820 --- [back_end] [main] .s.d.r.c.RepositoryConfigurationDelegate : Finished Spring Data repository scanning in 62 ms. Found 5 JPA repository interfaces.
2025-08-31T18:12:14.829+05:30  INFO 22820 --- [back_end] [main] o.s.b.w.embedded.tomcat.TomcatWebServer  : Tomcat initialized with port 8080 (http)
2025-08-31T18:12:14.843+05:30  INFO 22820 --- [back_end] [main] o.apache.catalina.core.StandardService   : Starting service [Tomcat]
2025-08-31T18:12:14.844+05:30  INFO 22820 --- [back_end] [main] o.apache.catalina.core.StandardEngine    : Starting Servlet engine: [Apache Tomcat/10.1.43]
2025-08-31T18:12:14.896+05:30  INFO 22820 --- [back_end] [main] o.a.c.c.C.[Tomcat].[localhost].[/]       : Initializing Spring embedded WebApplicationContext
2025-08-31T18:12:14.897+05:30  INFO 22820 --- [back_end] [main] w.s.c.ServletWebServerApplicationContext : Root WebApplicationContext: initialization completed in 1783 ms
2025-08-31T18:12:15.170+05:30  INFO 22820 --- [back_end] [main] o.hibernate.jpa.internal.util.LogHelper  : HHH000204: Processing PersistenceUnitInfo [name: default]
2025-08-31T18:12:15.225+05:30  INFO 22820 --- [back_end] [main] org.hibernate.Version                    : HHH000412: Hibernate ORM core version 6.6.22.Final
2025-08-31T18:12:15.262+05:30  INFO 22820 --- [back_end] [main] o.h.c.internal.RegionFactoryInitiator    : HHH000026: Second-level cache disabled
2025-08-31T18:12:15.593+05:30  INFO 22820 --- [back_end] [main] o.s.o.j.p.SpringPersistenceUnitInfo      : No LoadTimeWeaver setup: ignoring JPA class transformer
2025-08-31T18:12:15.630+05:30  INFO 22820 --- [back_end] [main] com.zaxxer.hikari.HikariDataSource       : HikariPool-1 - Starting...
2025-08-31T18:12:16.026+05:30  INFO 22820 --- [back_end] [main] com.zaxxer.hikari.pool.HikariPool        : HikariPool-1 - Added connection com.mysql.cj.jdbc.ConnectionImpl@5503c7d
2025-08-31T18:12:16.029+05:30  INFO 22820 --- [back_end] [main] com.zaxxer.hikari.HikariDataSource       : HikariPool-1 - Start completed.
2025-08-31T18:12:16.086+05:30  WARN 22820 --- [back_end] [main] org.hibernate.orm.deprecation            : HHH90000025: MySQLDialect does not need to be specified explicitly using 'hibernate.dialect' (remove the property setting and it will be selected by default)
2025-08-31T18:12:16.114+05:30  INFO 22820 --- [back_end] [main] org.hibernate.orm.connections.pooling    : HHH10001005: Database info:
	Database JDBC URL [Connecting through datasource 'HikariDataSource (HikariPool-1)']
	Database driver: undefined/unknown
	Database version: 8.0.36
	Autocommit mode: undefined/unknown
	Isolation level: undefined/unknown
	Minimum pool size: undefined/unknown
	Maximum pool size: undefined/unknown
2025-08-31T18:12:17.463+05:30  INFO 22820 --- [back_end] [main] o.h.e.t.j.p.i.JtaPlatformInitiator       : HHH000489: No JTA platform available (set 'hibernate.transaction.jta.platform' to enable JTA platform integration)
2025-08-31T18:12:17.620+05:30  INFO 22820 --- [back_end] [main] j.LocalContainerEntityManagerFactoryBean : Initialized JPA EntityManagerFactory for persistence unit 'default'
2025-08-31T18:12:18.269+05:30 DEBUG 22820 --- [back_end] [main] edu.vidura.akapilot.util.JwtAuthFilter   : Filter 'jwtAuthFilter' configured for use
2025-08-31T18:12:18.749+05:30  WARN 22820 --- [back_end] [main] JpaBaseConfiguration$JpaWebConfiguration : spring.jpa.open-in-view is enabled by default. Therefore, database queries may be performed during view rendering. Explicitly configure spring.jpa.open-in-view to disable this warning
2025-08-31T18:12:18.847+05:30  INFO 22820 --- [back_end] [main] r$InitializeUserDetailsManagerConfigurer : Global AuthenticationManager configured with UserDetailsService bean with name userDetailsService
2025-08-31T18:12:19.864+05:30  INFO 22820 --- [back_end] [main] o.s.b.w.embedded.tomcat.TomcatWebServer  : Tomcat started on port 8080 (http) with context path '/'
2025-08-31T18:12:19.874+05:30  INFO 22820 --- [back_end] [main] edu.vidura.akapilot.BackEndApplication   : Started BackEndApplication in 7.337 seconds (process running for 8.025)
2025-08-31T18:12:21.788+05:30  INFO 22820 --- [back_end] [http-nio-8080-exec-1] o.a.c.c.C.[Tomcat].[localhost].[/]       : Initializing Spring DispatcherServlet 'dispatcherServlet'
2025-08-31T18:12:21.788+05:30  INFO 22820 --- [back_end] [http-nio-8080-exec-1] o.s.web.servlet.DispatcherServlet        : Initializing Servlet 'dispatcherServlet'
2025-08-31T18:12:21.789+05:30  INFO 22820 --- [back_end] [http-nio-8080-exec-1] o.s.web.servlet.DispatcherServlet        : Completed initialization in 1 ms
2025-08-31T18:12:21.963+05:30  INFO 22820 --- [back_end] [http-nio-8080-exec-3] e.vidura.akapilot.aspect.LoggingAspect   : ➡ Entering controller: AuthController.login(..) with arguments: [AuthDTO(username=SubjectOne, password=viduraaa)]
2025-08-31T18:12:21.964+05:30 DEBUG 22820 --- [back_end] [http-nio-8080-exec-3] e.vidura.akapilot.aspect.LoggingAspect   : ▶ Starting service: AuthServiceImpl.authenticate(..)
2025-08-31T18:12:22.240+05:30 DEBUG 22820 --- [back_end] [http-nio-8080-exec-3] e.vidura.akapilot.aspect.LoggingAspect   : ⏱ Finished service: AuthServiceImpl.authenticate(..) in 276 ms
2025-08-31T18:12:22.242+05:30  INFO 22820 --- [back_end] [http-nio-8080-exec-3] e.vidura.akapilot.aspect.LoggingAspect   : ✅ Exiting controller: AuthController.login(..) with result: <200 OK OK,ApiResponse(status=200, message=OK, data=AuthResponseDTO(accessToken=eyJhbGciOiJIUzI1NiJ9.eyJzdWIiOiJTdWJqZWN0T25lIiwiaWF0IjoxNzU2NjQ0MTQyLCJleHAiOjE3NTY2NDc3NDJ9.ZCCCaEqhv-W7QhKR6m_9fw29IZ097EkdVp0TUjGCJqA)),[]>
2025-08-31T18:19:18.128+05:30  INFO 22820 --- [back_end] [http-nio-8080-exec-6] e.vidura.akapilot.aspect.LoggingAspect   : ➡ Entering controller: AuthController.registerUser(..) with arguments: [RegisterDTO(username=vidurapriyadarshana, password=Viduraaaa, email=vidurapriyadarshana999@gmail.com, role=student)]
2025-08-31T18:19:18.129+05:30 DEBUG 22820 --- [back_end] [http-nio-8080-exec-6] e.vidura.akapilot.aspect.LoggingAspect   : ▶ Starting service: AuthServiceImpl.register(..)
2025-08-31T18:19:25.070+05:30  INFO 22820 --- [back_end] [http-nio-8080-exec-7] e.vidura.akapilot.aspect.LoggingAspect   : ➡ Entering controller: AuthController.registerUser(..) with arguments: [RegisterDTO(username=vidurapriyadarshana, password=Viduraaaa, email=vidurapriyadarshana999@gmail.com, role=student)]
2025-08-31T18:19:25.071+05:30 DEBUG 22820 --- [back_end] [http-nio-8080-exec-7] e.vidura.akapilot.aspect.LoggingAspect   : ▶ Starting service: AuthServiceImpl.register(..)
2025-08-31T18:20:07.347+05:30  INFO 22820 --- [back_end] [http-nio-8080-exec-10] e.vidura.akapilot.aspect.LoggingAspect   : ➡ Entering controller: AuthController.registerUser(..) with arguments: [RegisterDTO(username=vidurapriyadarshana, password=Viduraaaa, email=vidurapriyadarshana999@gmail.com, role=USER)]
2025-08-31T18:20:07.348+05:30 DEBUG 22820 --- [back_end] [http-nio-8080-exec-10] e.vidura.akapilot.aspect.LoggingAspect   : ▶ Starting service: AuthServiceImpl.register(..)
2025-08-31T18:20:07.505+05:30 DEBUG 22820 --- [back_end] [http-nio-8080-exec-10] e.vidura.akapilot.aspect.LoggingAspect   : ⏱ Finished service: AuthServiceImpl.register(..) in 157 ms
2025-08-31T18:20:07.506+05:30  INFO 22820 --- [back_end] [http-nio-8080-exec-10] e.vidura.akapilot.aspect.LoggingAspect   : ✅ Exiting controller: AuthController.registerUser(..) with result: <200 OK OK,ApiResponse(status=200, message=User registered successfully, data=User registered successfully),[]>
2025-08-31T18:20:18.910+05:30  INFO 22820 --- [back_end] [http-nio-8080-exec-1] e.vidura.akapilot.aspect.LoggingAspect   : ➡ Entering controller: AuthController.login(..) with arguments: [AuthDTO(username=vidurapriyadarshana, password=Viduraaaa)]
2025-08-31T18:20:18.912+05:30 DEBUG 22820 --- [back_end] [http-nio-8080-exec-1] e.vidura.akapilot.aspect.LoggingAspect   : ▶ Starting service: AuthServiceImpl.authenticate(..)
2025-08-31T18:20:18.998+05:30 DEBUG 22820 --- [back_end] [http-nio-8080-exec-1] e.vidura.akapilot.aspect.LoggingAspect   : ⏱ Finished service: AuthServiceImpl.authenticate(..) in 86 ms
2025-08-31T18:20:18.999+05:30  INFO 22820 --- [back_end] [http-nio-8080-exec-1] e.vidura.akapilot.aspect.LoggingAspect   : ✅ Exiting controller: AuthController.login(..) with result: <200 OK OK,ApiResponse(status=200, message=OK, data=AuthResponseDTO(accessToken=eyJhbGciOiJIUzI1NiJ9.eyJzdWIiOiJ2aWR1cmFwcml5YWRhcnNoYW5hIiwiaWF0IjoxNzU2NjQ0NjE4LCJleHAiOjE3NTY2NDgyMTh9.wxr5kX8iW4Io6XLX3zABuMQo7LK7nFd4qKJuUZTDvhQ)),[]>
2025-08-31T21:52:22.929+05:30  INFO 22820 --- [back_end] [SpringApplicationShutdownHook] o.s.b.w.e.tomcat.GracefulShutdown        : Commencing graceful shutdown. Waiting for active requests to complete
2025-08-31T21:52:22.941+05:30  INFO 22820 --- [back_end] [tomcat-shutdown] o.s.b.w.e.tomcat.GracefulShutdown        : Graceful shutdown complete
2025-08-31T21:52:22.956+05:30  INFO 22820 --- [back_end] [SpringApplicationShutdownHook] j.LocalContainerEntityManagerFactoryBean : Closing JPA EntityManagerFactory for persistence unit 'default'
2025-08-31T21:52:22.956+05:30  INFO 22820 --- [back_end] [SpringApplicationShutdownHook] com.zaxxer.hikari.HikariDataSource       : HikariPool-1 - Shutdown initiated...
2025-08-31T21:52:22.968+05:30  INFO 22820 --- [back_end] [SpringApplicationShutdownHook] com.zaxxer.hikari.HikariDataSource       : HikariPool-1 - Shutdown completed.
